{"C:\\Users\\jesde\\OneDrive\\Documentos\\proyecto-si8811b-2024-ii-u1-backend-nodejs\\src\\server.ts": {"path":"C:\\Users\\jesde\\OneDrive\\Documentos\\proyecto-si8811b-2024-ii-u1-backend-nodejs\\src\\server.ts","statementMap":{"0":{"start":{"line":1,"column":0},"end":{"line":1,"column":30}},"1":{"start":{"line":2,"column":0},"end":{"line":2,"column":28}},"2":{"start":{"line":3,"column":0},"end":{"line":3,"column":23}},"3":{"start":{"line":4,"column":0},"end":{"line":4,"column":40}},"4":{"start":{"line":5,"column":0},"end":{"line":5,"column":43}},"5":{"start":{"line":6,"column":0},"end":{"line":6,"column":45}},"6":{"start":{"line":7,"column":0},"end":{"line":7,"column":41}},"7":{"start":{"line":8,"column":0},"end":{"line":8,"column":43}},"8":{"start":{"line":9,"column":0},"end":{"line":9,"column":39}},"9":{"start":{"line":10,"column":0},"end":{"line":10,"column":40}},"10":{"start":{"line":11,"column":0},"end":{"line":11,"column":45}},"11":{"start":{"line":12,"column":0},"end":{"line":12,"column":57}},"12":{"start":{"line":13,"column":0},"end":{"line":13,"column":53}},"13":{"start":{"line":14,"column":0},"end":{"line":14,"column":63}},"14":{"start":{"line":15,"column":0},"end":{"line":15,"column":24}},"15":{"start":{"line":16,"column":0},"end":{"line":16,"column":20}},"16":{"start":{"line":18,"column":0},"end":{"line":18,"column":16}},"17":{"start":{"line":19,"column":0},"end":{"line":19,"column":12}},"18":{"start":{"line":21,"column":12},"end":{"line":21,"column":21}},"19":{"start":{"line":23,"column":0},"end":{"line":23,"column":26}},"20":{"start":{"line":25,"column":19},"end":{"line":25,"column":53}},"21":{"start":{"line":26,"column":0},"end":{"line":28,"column":1}},"22":{"start":{"line":27,"column":4},"end":{"line":27,"column":50}},"23":{"start":{"line":31,"column":20},"end":{"line":31,"column":41}},"24":{"start":{"line":32,"column":0},"end":{"line":32,"column":68}},"25":{"start":{"line":35,"column":0},"end":{"line":38,"column":3}},"26":{"start":{"line":36,"column":2},"end":{"line":36,"column":42}},"27":{"start":{"line":37,"column":2},"end":{"line":37,"column":9}},"28":{"start":{"line":40,"column":0},"end":{"line":40,"column":24}},"29":{"start":{"line":42,"column":0},"end":{"line":42,"column":36}},"30":{"start":{"line":44,"column":0},"end":{"line":44,"column":36}},"31":{"start":{"line":46,"column":0},"end":{"line":46,"column":48}},"32":{"start":{"line":48,"column":0},"end":{"line":48,"column":44}},"33":{"start":{"line":50,"column":0},"end":{"line":50,"column":55}},"34":{"start":{"line":54,"column":0},"end":{"line":54,"column":19}}},"fnMap":{"0":{"name":"(anonymous_1)","decl":{"start":{"line":35,"column":8},"end":{"line":35,"column":9}},"loc":{"start":{"line":35,"column":27},"end":{"line":38,"column":1}}}},"branchMap":{"0":{"loc":{"start":{"line":26,"column":0},"end":{"line":28,"column":1}},"type":"if","locations":[{"start":{"line":26,"column":0},"end":{"line":28,"column":1}}]}},"s":{"0":3,"1":3,"2":3,"3":3,"4":3,"5":3,"6":3,"7":3,"8":3,"9":3,"10":3,"11":3,"12":3,"13":3,"14":3,"15":3,"16":3,"17":3,"18":3,"19":3,"20":3,"21":3,"22":0,"23":3,"24":3,"25":3,"26":22,"27":22,"28":3,"29":3,"30":3,"31":3,"32":3,"33":3,"34":3},"f":{"0":22},"b":{"0":[0]}}
,"C:\\Users\\jesde\\OneDrive\\Documentos\\proyecto-si8811b-2024-ii-u1-backend-nodejs\\src\\swaggerOptions.ts": {"path":"C:\\Users\\jesde\\OneDrive\\Documentos\\proyecto-si8811b-2024-ii-u1-backend-nodejs\\src\\swaggerOptions.ts","statementMap":{"0":{"start":{"line":3,"column":32},"end":{"line":32,"column":2}},"1":{"start":{"line":34,"column":0},"end":{"line":34,"column":23}}},"fnMap":{},"branchMap":{},"s":{"0":3,"1":3},"f":{},"b":{}}
,"C:\\Users\\jesde\\OneDrive\\Documentos\\proyecto-si8811b-2024-ii-u1-backend-nodejs\\src\\config\\cors.ts": {"path":"C:\\Users\\jesde\\OneDrive\\Documentos\\proyecto-si8811b-2024-ii-u1-backend-nodejs\\src\\config\\cors.ts","statementMap":{"0":{"start":{"line":2,"column":0},"end":{"line":2,"column":36}},"1":{"start":{"line":4,"column":13},"end":{"line":35,"column":2}},"2":{"start":{"line":7,"column":26},"end":{"line":13,"column":25}},"3":{"start":{"line":15,"column":8},"end":{"line":17,"column":9}},"4":{"start":{"line":16,"column":12},"end":{"line":16,"column":40}},"5":{"start":{"line":19,"column":8},"end":{"line":24,"column":9}},"6":{"start":{"line":20,"column":12},"end":{"line":20,"column":33}},"7":{"start":{"line":22,"column":12},"end":{"line":22,"column":null}},"8":{"start":{"line":23,"column":12},"end":{"line":23,"column":null}}},"fnMap":{"0":{"name":"(anonymous_1)","decl":{"start":{"line":5,"column":12},"end":{"line":5,"column":21}},"loc":{"start":{"line":5,"column":37},"end":{"line":25,"column":5}}}},"branchMap":{"0":{"loc":{"start":{"line":15,"column":8},"end":{"line":17,"column":9}},"type":"if","locations":[{"start":{"line":15,"column":8},"end":{"line":17,"column":9}}]},"1":{"loc":{"start":{"line":19,"column":8},"end":{"line":24,"column":9}},"type":"if","locations":[{"start":{"line":19,"column":8},"end":{"line":24,"column":9}},{"start":{"line":21,"column":15},"end":{"line":24,"column":9}}]}},"s":{"0":3,"1":3,"2":22,"3":22,"4":22,"5":0,"6":0,"7":0,"8":0},"f":{"0":22},"b":{"0":[22],"1":[0,0]}}
,"C:\\Users\\jesde\\OneDrive\\Documentos\\proyecto-si8811b-2024-ii-u1-backend-nodejs\\src\\config\\db.ts": {"path":"C:\\Users\\jesde\\OneDrive\\Documentos\\proyecto-si8811b-2024-ii-u1-backend-nodejs\\src\\config\\db.ts","statementMap":{"0":{"start":{"line":1,"column":0},"end":{"line":1,"column":31}},"1":{"start":{"line":2,"column":0},"end":{"line":2,"column":27}},"2":{"start":{"line":3,"column":0},"end":{"line":3,"column":35}},"3":{"start":{"line":5,"column":25},"end":{"line":14,"column":1}},"4":{"start":{"line":6,"column":4},"end":{"line":13,"column":5}},"5":{"start":{"line":7,"column":29},"end":{"line":7,"column":77}},"6":{"start":{"line":8,"column":20},"end":{"line":8,"column":59}},"7":{"start":{"line":9,"column":8},"end":{"line":9,"column":null}},"8":{"start":{"line":11,"column":8},"end":{"line":11,"column":null}},"9":{"start":{"line":12,"column":8},"end":{"line":12,"column":null}},"10":{"start":{"line":5,"column":13},"end":{"line":5,"column":25}}},"fnMap":{"0":{"name":"(anonymous_1)","decl":{"start":{"line":5,"column":25},"end":{"line":5,"column":30}},"loc":{"start":{"line":5,"column":36},"end":{"line":14,"column":1}}}},"branchMap":{},"s":{"0":0,"1":0,"2":0,"3":0,"4":0,"5":0,"6":0,"7":0,"8":0,"9":0,"10":0},"f":{"0":0},"b":{}}
,"C:\\Users\\jesde\\OneDrive\\Documentos\\proyecto-si8811b-2024-ii-u1-backend-nodejs\\src\\config\\multer.ts": {"path":"C:\\Users\\jesde\\OneDrive\\Documentos\\proyecto-si8811b-2024-ii-u1-backend-nodejs\\src\\config\\multer.ts","statementMap":{"0":{"start":{"line":1,"column":0},"end":{"line":1,"column":28}},"1":{"start":{"line":2,"column":0},"end":{"line":2,"column":24}},"2":{"start":{"line":5,"column":16},"end":{"line":13,"column":2}},"3":{"start":{"line":7,"column":8},"end":{"line":7,"column":56}},"4":{"start":{"line":10,"column":29},"end":{"line":10,"column":79}},"5":{"start":{"line":11,"column":8},"end":{"line":11,"column":57}},"6":{"start":{"line":16,"column":19},"end":{"line":23,"column":1}},"7":{"start":{"line":17,"column":25},"end":{"line":17,"column":71}},"8":{"start":{"line":18,"column":4},"end":{"line":22,"column":5}},"9":{"start":{"line":19,"column":8},"end":{"line":19,"column":23}},"10":{"start":{"line":21,"column":8},"end":{"line":21,"column":76}},"11":{"start":{"line":26,"column":13},"end":{"line":30,"column":3}}},"fnMap":{"0":{"name":"(anonymous_1)","decl":{"start":{"line":6,"column":17},"end":{"line":6,"column":18}},"loc":{"start":{"line":6,"column":35},"end":{"line":8,"column":5}}},"1":{"name":"(anonymous_2)","decl":{"start":{"line":9,"column":14},"end":{"line":9,"column":15}},"loc":{"start":{"line":9,"column":32},"end":{"line":12,"column":5}}},"2":{"name":"(anonymous_3)","decl":{"start":{"line":16,"column":19},"end":{"line":16,"column":20}},"loc":{"start":{"line":16,"column":102},"end":{"line":23,"column":1}}}},"branchMap":{"0":{"loc":{"start":{"line":18,"column":4},"end":{"line":22,"column":5}},"type":"if","locations":[{"start":{"line":18,"column":4},"end":{"line":22,"column":5}},{"start":{"line":20,"column":11},"end":{"line":22,"column":5}}]}},"s":{"0":3,"1":3,"2":3,"3":1,"4":1,"5":1,"6":3,"7":1,"8":1,"9":1,"10":0,"11":3},"f":{"0":1,"1":1,"2":1},"b":{"0":[1,0]}}
,"C:\\Users\\jesde\\OneDrive\\Documentos\\proyecto-si8811b-2024-ii-u1-backend-nodejs\\src\\config\\nodemailer.ts": {"path":"C:\\Users\\jesde\\OneDrive\\Documentos\\proyecto-si8811b-2024-ii-u1-backend-nodejs\\src\\config\\nodemailer.ts","statementMap":{"0":{"start":{"line":1,"column":0},"end":{"line":1,"column":36}},"1":{"start":{"line":2,"column":0},"end":{"line":2,"column":28}},"2":{"start":{"line":4,"column":0},"end":{"line":4,"column":16}},"3":{"start":{"line":6,"column":15},"end":{"line":15,"column":1}},"4":{"start":{"line":7,"column":4},"end":{"line":14,"column":null}},"5":{"start":{"line":17,"column":13},"end":{"line":17,"column":64}}},"fnMap":{"0":{"name":"(anonymous_1)","decl":{"start":{"line":6,"column":15},"end":{"line":6,"column":18}},"loc":{"start":{"line":6,"column":20},"end":{"line":15,"column":1}}}},"branchMap":{},"s":{"0":7,"1":7,"2":7,"3":7,"4":7,"5":7},"f":{"0":7},"b":{}}
,"C:\\Users\\jesde\\OneDrive\\Documentos\\proyecto-si8811b-2024-ii-u1-backend-nodejs\\src\\config\\puppeteerConfig.ts": {"path":"C:\\Users\\jesde\\OneDrive\\Documentos\\proyecto-si8811b-2024-ii-u1-backend-nodejs\\src\\config\\puppeteerConfig.ts","statementMap":{"0":{"start":{"line":1,"column":13},"end":{"line":10,"column":2}}},"fnMap":{},"branchMap":{},"s":{"0":3},"f":{},"b":{}}
,"C:\\Users\\jesde\\OneDrive\\Documentos\\proyecto-si8811b-2024-ii-u1-backend-nodejs\\src\\controllers\\AttendanceController.ts": {"path":"C:\\Users\\jesde\\OneDrive\\Documentos\\proyecto-si8811b-2024-ii-u1-backend-nodejs\\src\\controllers\\AttendanceController.ts","statementMap":{"0":{"start":{"line":2,"column":0},"end":{"line":2,"column":44}},"1":{"start":{"line":5,"column":31},"end":{"line":22,"column":5}},"2":{"start":{"line":6,"column":8},"end":{"line":21,"column":9}},"3":{"start":{"line":7,"column":27},"end":{"line":7,"column":39}},"4":{"start":{"line":8,"column":31},"end":{"line":8,"column":67}},"5":{"start":{"line":10,"column":12},"end":{"line":12,"column":13}},"6":{"start":{"line":11,"column":16},"end":{"line":11,"column":null}},"7":{"start":{"line":14,"column":12},"end":{"line":17,"column":null}},"8":{"start":{"line":19,"column":12},"end":{"line":19,"column":null}},"9":{"start":{"line":20,"column":12},"end":{"line":20,"column":null}},"10":{"start":{"line":25,"column":0},"end":{"line":25,"column":36}}},"fnMap":{"0":{"name":"(anonymous_1)","decl":{"start":{"line":5,"column":31},"end":{"line":5,"column":36}},"loc":{"start":{"line":5,"column":69},"end":{"line":22,"column":5}}}},"branchMap":{"0":{"loc":{"start":{"line":10,"column":12},"end":{"line":12,"column":13}},"type":"if","locations":[{"start":{"line":10,"column":12},"end":{"line":12,"column":13}}]}},"s":{"0":3,"1":3,"2":0,"3":0,"4":0,"5":0,"6":0,"7":0,"8":0,"9":0,"10":3},"f":{"0":0},"b":{"0":[0]}}
,"C:\\Users\\jesde\\OneDrive\\Documentos\\proyecto-si8811b-2024-ii-u1-backend-nodejs\\src\\controllers\\AuthController.ts": {"path":"C:\\Users\\jesde\\OneDrive\\Documentos\\proyecto-si8811b-2024-ii-u1-backend-nodejs\\src\\controllers\\AuthController.ts","statementMap":{"0":{"start":{"line":2,"column":0},"end":{"line":2,"column":34}},"1":{"start":{"line":3,"column":0},"end":{"line":3,"column":60}},"2":{"start":{"line":4,"column":0},"end":{"line":4,"column":47}},"3":{"start":{"line":5,"column":0},"end":{"line":5,"column":36}},"4":{"start":{"line":6,"column":0},"end":{"line":6,"column":48}},"5":{"start":{"line":7,"column":0},"end":{"line":7,"column":36}},"6":{"start":{"line":8,"column":0},"end":{"line":8,"column":43}},"7":{"start":{"line":12,"column":27},"end":{"line":51,"column":5}},"8":{"start":{"line":13,"column":8},"end":{"line":50,"column":9}},"9":{"start":{"line":14,"column":40},"end":{"line":14,"column":48}},"10":{"start":{"line":16,"column":12},"end":{"line":16,"column":76}},"11":{"start":{"line":19,"column":31},"end":{"line":19,"column":60}},"12":{"start":{"line":20,"column":12},"end":{"line":24,"column":13}},"13":{"start":{"line":21,"column":16},"end":{"line":21,"column":71}},"14":{"start":{"line":22,"column":30},"end":{"line":22,"column":64}},"15":{"start":{"line":23,"column":16},"end":{"line":23,"column":70}},"16":{"start":{"line":27,"column":25},"end":{"line":27,"column":43}},"17":{"start":{"line":28,"column":12},"end":{"line":28,"column":57}},"18":{"start":{"line":31,"column":26},"end":{"line":31,"column":37}},"19":{"start":{"line":32,"column":12},"end":{"line":32,"column":42}},"20":{"start":{"line":33,"column":12},"end":{"line":33,"column":null}},"21":{"start":{"line":34,"column":12},"end":{"line":34,"column":33}},"22":{"start":{"line":37,"column":12},"end":{"line":41,"column":15}},"23":{"start":{"line":43,"column":12},"end":{"line":43,"column":66}},"24":{"start":{"line":45,"column":12},"end":{"line":45,"column":76}},"25":{"start":{"line":46,"column":12},"end":{"line":46,"column":55}},"26":{"start":{"line":48,"column":12},"end":{"line":48,"column":59}},"27":{"start":{"line":49,"column":12},"end":{"line":49,"column":61}},"28":{"start":{"line":53,"column":28},"end":{"line":77,"column":5}},"29":{"start":{"line":54,"column":8},"end":{"line":76,"column":9}},"30":{"start":{"line":55,"column":30},"end":{"line":55,"column":38}},"31":{"start":{"line":57,"column":12},"end":{"line":57,"column":78}},"32":{"start":{"line":59,"column":32},"end":{"line":59,"column":62}},"33":{"start":{"line":60,"column":12},"end":{"line":64,"column":13}},"34":{"start":{"line":61,"column":16},"end":{"line":61,"column":64}},"35":{"start":{"line":62,"column":30},"end":{"line":62,"column":58}},"36":{"start":{"line":63,"column":16},"end":{"line":63,"column":70}},"37":{"start":{"line":66,"column":25},"end":{"line":66,"column":62}},"38":{"start":{"line":67,"column":12},"end":{"line":67,"column":34}},"39":{"start":{"line":69,"column":12},"end":{"line":69,"column":77}},"40":{"start":{"line":71,"column":12},"end":{"line":71,"column":82}},"41":{"start":{"line":72,"column":12},"end":{"line":72,"column":71}},"42":{"start":{"line":74,"column":12},"end":{"line":74,"column":60}},"43":{"start":{"line":75,"column":12},"end":{"line":75,"column":61}},"44":{"start":{"line":79,"column":19},"end":{"line":126,"column":5}},"45":{"start":{"line":80,"column":8},"end":{"line":125,"column":9}},"46":{"start":{"line":81,"column":40},"end":{"line":81,"column":48}},"47":{"start":{"line":83,"column":12},"end":{"line":83,"column":64}},"48":{"start":{"line":85,"column":25},"end":{"line":85,"column":54}},"49":{"start":{"line":86,"column":12},"end":{"line":90,"column":13}},"50":{"start":{"line":87,"column":16},"end":{"line":87,"column":66}},"51":{"start":{"line":88,"column":30},"end":{"line":88,"column":64}},"52":{"start":{"line":89,"column":16},"end":{"line":89,"column":70}},"53":{"start":{"line":92,"column":12},"end":{"line":107,"column":13}},"54":{"start":{"line":93,"column":30},"end":{"line":93,"column":41}},"55":{"start":{"line":94,"column":16},"end":{"line":94,"column":37}},"56":{"start":{"line":95,"column":16},"end":{"line":95,"column":46}},"57":{"start":{"line":96,"column":16},"end":{"line":96,"column":35}},"58":{"start":{"line":98,"column":16},"end":{"line":102,"column":19}},"59":{"start":{"line":104,"column":16},"end":{"line":104,"column":99}},"60":{"start":{"line":105,"column":30},"end":{"line":105,"column":105}},"61":{"start":{"line":106,"column":16},"end":{"line":106,"column":70}},"62":{"start":{"line":110,"column":38},"end":{"line":110,"column":82}},"63":{"start":{"line":111,"column":12},"end":{"line":115,"column":13}},"64":{"start":{"line":112,"column":16},"end":{"line":112,"column":70}},"65":{"start":{"line":113,"column":30},"end":{"line":113,"column":62}},"66":{"start":{"line":114,"column":16},"end":{"line":114,"column":70}},"67":{"start":{"line":117,"column":26},"end":{"line":117,"column":52}},"68":{"start":{"line":119,"column":12},"end":{"line":119,"column":79}},"69":{"start":{"line":120,"column":12},"end":{"line":120,"column":28}},"70":{"start":{"line":123,"column":12},"end":{"line":123,"column":51}},"71":{"start":{"line":124,"column":12},"end":{"line":124,"column":61}},"72":{"start":{"line":128,"column":37},"end":{"line":166,"column":5}},"73":{"start":{"line":129,"column":8},"end":{"line":165,"column":9}},"74":{"start":{"line":130,"column":30},"end":{"line":130,"column":38}},"75":{"start":{"line":132,"column":12},"end":{"line":132,"column":76}},"76":{"start":{"line":134,"column":25},"end":{"line":134,"column":54}},"77":{"start":{"line":135,"column":12},"end":{"line":139,"column":13}},"78":{"start":{"line":136,"column":16},"end":{"line":136,"column":66}},"79":{"start":{"line":137,"column":30},"end":{"line":137,"column":69}},"80":{"start":{"line":138,"column":16},"end":{"line":138,"column":70}},"81":{"start":{"line":141,"column":12},"end":{"line":145,"column":13}},"82":{"start":{"line":142,"column":16},"end":{"line":142,"column":74}},"83":{"start":{"line":143,"column":30},"end":{"line":143,"column":64}},"84":{"start":{"line":144,"column":16},"end":{"line":144,"column":70}},"85":{"start":{"line":147,"column":26},"end":{"line":147,"column":37}},"86":{"start":{"line":148,"column":12},"end":{"line":148,"column":42}},"87":{"start":{"line":149,"column":12},"end":{"line":149,"column":null}},"88":{"start":{"line":150,"column":12},"end":{"line":150,"column":33}},"89":{"start":{"line":152,"column":12},"end":{"line":156,"column":15}},"90":{"start":{"line":158,"column":12},"end":{"line":158,"column":66}},"91":{"start":{"line":160,"column":12},"end":{"line":160,"column":74}},"92":{"start":{"line":161,"column":12},"end":{"line":161,"column":60}},"93":{"start":{"line":163,"column":12},"end":{"line":163,"column":69}},"94":{"start":{"line":164,"column":12},"end":{"line":164,"column":61}},"95":{"start":{"line":168,"column":28},"end":{"line":199,"column":5}},"96":{"start":{"line":169,"column":8},"end":{"line":198,"column":9}},"97":{"start":{"line":170,"column":30},"end":{"line":170,"column":38}},"98":{"start":{"line":172,"column":12},"end":{"line":172,"column":73}},"99":{"start":{"line":174,"column":25},"end":{"line":174,"column":54}},"100":{"start":{"line":175,"column":12},"end":{"line":179,"column":13}},"101":{"start":{"line":176,"column":16},"end":{"line":176,"column":66}},"102":{"start":{"line":177,"column":30},"end":{"line":177,"column":69}},"103":{"start":{"line":178,"column":16},"end":{"line":178,"column":70}},"104":{"start":{"line":181,"column":26},"end":{"line":181,"column":37}},"105":{"start":{"line":182,"column":12},"end":{"line":182,"column":42}},"106":{"start":{"line":183,"column":12},"end":{"line":183,"column":null}},"107":{"start":{"line":184,"column":12},"end":{"line":184,"column":33}},"108":{"start":{"line":185,"column":12},"end":{"line":185,"column":31}},"109":{"start":{"line":187,"column":12},"end":{"line":191,"column":15}},"110":{"start":{"line":193,"column":12},"end":{"line":193,"column":72}},"111":{"start":{"line":194,"column":12},"end":{"line":194,"column":40}},"112":{"start":{"line":196,"column":12},"end":{"line":196,"column":60}},"113":{"start":{"line":197,"column":12},"end":{"line":197,"column":61}},"114":{"start":{"line":201,"column":27},"end":{"line":220,"column":5}},"115":{"start":{"line":202,"column":8},"end":{"line":219,"column":9}},"116":{"start":{"line":203,"column":30},"end":{"line":203,"column":38}},"117":{"start":{"line":205,"column":12},"end":{"line":205,"column":54}},"118":{"start":{"line":207,"column":32},"end":{"line":207,"column":62}},"119":{"start":{"line":208,"column":12},"end":{"line":212,"column":13}},"120":{"start":{"line":209,"column":16},"end":{"line":209,"column":55}},"121":{"start":{"line":210,"column":30},"end":{"line":210,"column":58}},"122":{"start":{"line":211,"column":16},"end":{"line":211,"column":70}},"123":{"start":{"line":214,"column":12},"end":{"line":214,"column":66}},"124":{"start":{"line":215,"column":12},"end":{"line":215,"column":63}},"125":{"start":{"line":217,"column":12},"end":{"line":217,"column":59}},"126":{"start":{"line":218,"column":12},"end":{"line":218,"column":61}},"127":{"start":{"line":222,"column":37},"end":{"line":247,"column":5}},"128":{"start":{"line":223,"column":8},"end":{"line":246,"column":9}},"129":{"start":{"line":224,"column":30},"end":{"line":224,"column":40}},"130":{"start":{"line":225,"column":33},"end":{"line":225,"column":41}},"131":{"start":{"line":227,"column":12},"end":{"line":227,"column":66}},"132":{"start":{"line":229,"column":32},"end":{"line":229,"column":62}},"133":{"start":{"line":230,"column":12},"end":{"line":234,"column":13}},"134":{"start":{"line":231,"column":16},"end":{"line":231,"column":75}},"135":{"start":{"line":232,"column":30},"end":{"line":232,"column":58}},"136":{"start":{"line":233,"column":16},"end":{"line":233,"column":70}},"137":{"start":{"line":236,"column":25},"end":{"line":236,"column":62}},"138":{"start":{"line":237,"column":12},"end":{"line":237,"column":57}},"139":{"start":{"line":239,"column":12},"end":{"line":239,"column":77}},"140":{"start":{"line":241,"column":12},"end":{"line":241,"column":81}},"141":{"start":{"line":242,"column":12},"end":{"line":242,"column":61}},"142":{"start":{"line":244,"column":12},"end":{"line":244,"column":69}},"143":{"start":{"line":245,"column":12},"end":{"line":245,"column":61}},"144":{"start":{"line":249,"column":18},"end":{"line":251,"column":5}},"145":{"start":{"line":250,"column":8},"end":{"line":250,"column":null}},"146":{"start":{"line":10,"column":0},"end":{"line":10,"column":13}},"147":{"start":{"line":254,"column":0},"end":{"line":254,"column":30}}},"fnMap":{"0":{"name":"(anonymous_1)","decl":{"start":{"line":12,"column":27},"end":{"line":12,"column":32}},"loc":{"start":{"line":12,"column":65},"end":{"line":51,"column":5}}},"1":{"name":"(anonymous_2)","decl":{"start":{"line":53,"column":28},"end":{"line":53,"column":33}},"loc":{"start":{"line":53,"column":66},"end":{"line":77,"column":5}}},"2":{"name":"(anonymous_3)","decl":{"start":{"line":79,"column":19},"end":{"line":79,"column":24}},"loc":{"start":{"line":79,"column":57},"end":{"line":126,"column":5}}},"3":{"name":"(anonymous_4)","decl":{"start":{"line":128,"column":37},"end":{"line":128,"column":42}},"loc":{"start":{"line":128,"column":75},"end":{"line":166,"column":5}}},"4":{"name":"(anonymous_5)","decl":{"start":{"line":168,"column":28},"end":{"line":168,"column":33}},"loc":{"start":{"line":168,"column":66},"end":{"line":199,"column":5}}},"5":{"name":"(anonymous_6)","decl":{"start":{"line":201,"column":27},"end":{"line":201,"column":32}},"loc":{"start":{"line":201,"column":65},"end":{"line":220,"column":5}}},"6":{"name":"(anonymous_7)","decl":{"start":{"line":222,"column":37},"end":{"line":222,"column":42}},"loc":{"start":{"line":222,"column":75},"end":{"line":247,"column":5}}},"7":{"name":"(anonymous_8)","decl":{"start":{"line":249,"column":18},"end":{"line":249,"column":23}},"loc":{"start":{"line":249,"column":56},"end":{"line":251,"column":5}}}},"branchMap":{"0":{"loc":{"start":{"line":20,"column":12},"end":{"line":24,"column":13}},"type":"if","locations":[{"start":{"line":20,"column":12},"end":{"line":24,"column":13}}]},"1":{"loc":{"start":{"line":60,"column":12},"end":{"line":64,"column":13}},"type":"if","locations":[{"start":{"line":60,"column":12},"end":{"line":64,"column":13}}]},"2":{"loc":{"start":{"line":86,"column":12},"end":{"line":90,"column":13}},"type":"if","locations":[{"start":{"line":86,"column":12},"end":{"line":90,"column":13}}]},"3":{"loc":{"start":{"line":92,"column":12},"end":{"line":107,"column":13}},"type":"if","locations":[{"start":{"line":92,"column":12},"end":{"line":107,"column":13}}]},"4":{"loc":{"start":{"line":111,"column":12},"end":{"line":115,"column":13}},"type":"if","locations":[{"start":{"line":111,"column":12},"end":{"line":115,"column":13}}]},"5":{"loc":{"start":{"line":135,"column":12},"end":{"line":139,"column":13}},"type":"if","locations":[{"start":{"line":135,"column":12},"end":{"line":139,"column":13}}]},"6":{"loc":{"start":{"line":141,"column":12},"end":{"line":145,"column":13}},"type":"if","locations":[{"start":{"line":141,"column":12},"end":{"line":145,"column":13}}]},"7":{"loc":{"start":{"line":175,"column":12},"end":{"line":179,"column":13}},"type":"if","locations":[{"start":{"line":175,"column":12},"end":{"line":179,"column":13}}]},"8":{"loc":{"start":{"line":208,"column":12},"end":{"line":212,"column":13}},"type":"if","locations":[{"start":{"line":208,"column":12},"end":{"line":212,"column":13}}]},"9":{"loc":{"start":{"line":230,"column":12},"end":{"line":234,"column":13}},"type":"if","locations":[{"start":{"line":230,"column":12},"end":{"line":234,"column":13}}]}},"s":{"0":4,"1":4,"2":4,"3":4,"4":4,"5":4,"6":4,"7":4,"8":3,"9":3,"10":3,"11":3,"12":3,"13":1,"14":1,"15":1,"16":2,"17":2,"18":2,"19":2,"20":2,"21":2,"22":2,"23":2,"24":2,"25":2,"26":0,"27":0,"28":4,"29":3,"30":3,"31":3,"32":3,"33":3,"34":1,"35":1,"36":1,"37":2,"38":2,"39":2,"40":2,"41":2,"42":0,"43":0,"44":4,"45":5,"46":5,"47":5,"48":5,"49":5,"50":1,"51":1,"52":1,"53":4,"54":1,"55":1,"56":1,"57":1,"58":1,"59":1,"60":1,"61":1,"62":3,"63":3,"64":1,"65":1,"66":1,"67":2,"68":2,"69":2,"70":0,"71":0,"72":4,"73":4,"74":4,"75":4,"76":4,"77":4,"78":1,"79":1,"80":1,"81":3,"82":1,"83":1,"84":1,"85":2,"86":2,"87":2,"88":2,"89":2,"90":2,"91":2,"92":2,"93":0,"94":0,"95":4,"96":3,"97":3,"98":3,"99":3,"100":3,"101":1,"102":1,"103":1,"104":2,"105":2,"106":2,"107":2,"108":2,"109":2,"110":2,"111":2,"112":0,"113":0,"114":4,"115":3,"116":3,"117":3,"118":3,"119":3,"120":1,"121":1,"122":1,"123":2,"124":2,"125":0,"126":0,"127":4,"128":3,"129":3,"130":3,"131":3,"132":3,"133":3,"134":1,"135":1,"136":1,"137":2,"138":2,"139":2,"140":2,"141":2,"142":0,"143":0,"144":4,"145":0,"146":4,"147":4},"f":{"0":3,"1":3,"2":5,"3":4,"4":3,"5":3,"6":3,"7":0},"b":{"0":[1],"1":[1],"2":[1],"3":[1],"4":[1],"5":[1],"6":[1],"7":[1],"8":[1],"9":[1]}}
,"C:\\Users\\jesde\\OneDrive\\Documentos\\proyecto-si8811b-2024-ii-u1-backend-nodejs\\src\\controllers\\JustificationController.ts": {"path":"C:\\Users\\jesde\\OneDrive\\Documentos\\proyecto-si8811b-2024-ii-u1-backend-nodejs\\src\\controllers\\JustificationController.ts","statementMap":{"0":{"start":{"line":2,"column":0},"end":{"line":2,"column":52}},"1":{"start":{"line":3,"column":0},"end":{"line":3,"column":36}},"2":{"start":{"line":4,"column":0},"end":{"line":4,"column":66}},"3":{"start":{"line":7,"column":33},"end":{"line":50,"column":5}},"4":{"start":{"line":8,"column":8},"end":{"line":49,"column":9}},"5":{"start":{"line":9,"column":49},"end":{"line":9,"column":57}},"6":{"start":{"line":10,"column":57},"end":{"line":10,"column":65}},"7":{"start":{"line":14,"column":12},"end":{"line":16,"column":13}},"8":{"start":{"line":15,"column":16},"end":{"line":15,"column":64}},"9":{"start":{"line":19,"column":34},"end":{"line":26,"column":14}},"10":{"start":{"line":28,"column":12},"end":{"line":28,"column":39}},"11":{"start":{"line":31,"column":12},"end":{"line":39,"column":15}},"12":{"start":{"line":41,"column":12},"end":{"line":41,"column":97}},"13":{"start":{"line":43,"column":12},"end":{"line":45,"column":15}},"14":{"start":{"line":47,"column":12},"end":{"line":47,"column":76}},"15":{"start":{"line":48,"column":12},"end":{"line":48,"column":91}},"16":{"start":{"line":52,"column":31},"end":{"line":84,"column":5}},"17":{"start":{"line":53,"column":8},"end":{"line":83,"column":9}},"18":{"start":{"line":54,"column":30},"end":{"line":54,"column":41}},"19":{"start":{"line":55,"column":25},"end":{"line":55,"column":64}},"20":{"start":{"line":56,"column":26},"end":{"line":56,"column":67}},"21":{"start":{"line":59,"column":35},"end":{"line":62,"column":29}},"22":{"start":{"line":64,"column":26},"end":{"line":64,"column":75}},"23":{"start":{"line":66,"column":12},"end":{"line":79,"column":15}},"24":{"start":{"line":70,"column":57},"end":{"line":78,"column":18}},"25":{"start":{"line":81,"column":12},"end":{"line":81,"column":95}},"26":{"start":{"line":82,"column":12},"end":{"line":82,"column":86}},"27":{"start":{"line":6,"column":0},"end":{"line":6,"column":13}}},"fnMap":{"0":{"name":"(anonymous_1)","decl":{"start":{"line":7,"column":33},"end":{"line":7,"column":38}},"loc":{"start":{"line":7,"column":71},"end":{"line":50,"column":5}}},"1":{"name":"(anonymous_2)","decl":{"start":{"line":52,"column":31},"end":{"line":52,"column":36}},"loc":{"start":{"line":52,"column":69},"end":{"line":84,"column":5}}},"2":{"name":"(anonymous_3)","decl":{"start":{"line":70,"column":51},"end":{"line":70,"column":52}},"loc":{"start":{"line":70,"column":57},"end":{"line":78,"column":18}}}},"branchMap":{"0":{"loc":{"start":{"line":14,"column":12},"end":{"line":16,"column":13}},"type":"if","locations":[{"start":{"line":14,"column":12},"end":{"line":16,"column":13}}]},"1":{"loc":{"start":{"line":55,"column":25},"end":{"line":55,"column":64}},"type":"binary-expr","locations":[{"start":{"line":55,"column":25},"end":{"line":55,"column":59}},{"start":{"line":55,"column":63},"end":{"line":55,"column":64}}]},"2":{"loc":{"start":{"line":56,"column":26},"end":{"line":56,"column":67}},"type":"binary-expr","locations":[{"start":{"line":56,"column":26},"end":{"line":56,"column":61}},{"start":{"line":56,"column":65},"end":{"line":56,"column":67}}]}},"s":{"0":4,"1":4,"2":4,"3":4,"4":4,"5":4,"6":4,"7":4,"8":2,"9":4,"10":4,"11":3,"12":3,"13":3,"14":1,"15":1,"16":4,"17":5,"18":5,"19":5,"20":5,"21":5,"22":4,"23":4,"24":4,"25":1,"26":1,"27":4},"f":{"0":4,"1":5,"2":4},"b":{"0":[2],"1":[5,0],"2":[5,0]}}
,"C:\\Users\\jesde\\OneDrive\\Documentos\\proyecto-si8811b-2024-ii-u1-backend-nodejs\\src\\controllers\\ScheduleController.ts": {"path":"C:\\Users\\jesde\\OneDrive\\Documentos\\proyecto-si8811b-2024-ii-u1-backend-nodejs\\src\\controllers\\ScheduleController.ts","statementMap":{"0":{"start":{"line":2,"column":0},"end":{"line":2,"column":41}},"1":{"start":{"line":5,"column":29},"end":{"line":22,"column":5}},"2":{"start":{"line":6,"column":8},"end":{"line":21,"column":9}},"3":{"start":{"line":7,"column":27},"end":{"line":7,"column":39}},"4":{"start":{"line":8,"column":29},"end":{"line":8,"column":63}},"5":{"start":{"line":10,"column":12},"end":{"line":12,"column":13}},"6":{"start":{"line":11,"column":16},"end":{"line":11,"column":null}},"7":{"start":{"line":14,"column":12},"end":{"line":17,"column":null}},"8":{"start":{"line":19,"column":12},"end":{"line":19,"column":62}},"9":{"start":{"line":20,"column":12},"end":{"line":20,"column":null}},"10":{"start":{"line":25,"column":0},"end":{"line":25,"column":34}}},"fnMap":{"0":{"name":"(anonymous_1)","decl":{"start":{"line":5,"column":29},"end":{"line":5,"column":34}},"loc":{"start":{"line":5,"column":67},"end":{"line":22,"column":5}}}},"branchMap":{"0":{"loc":{"start":{"line":10,"column":12},"end":{"line":12,"column":13}},"type":"if","locations":[{"start":{"line":10,"column":12},"end":{"line":12,"column":13}}]}},"s":{"0":3,"1":3,"2":0,"3":0,"4":0,"5":0,"6":0,"7":0,"8":0,"9":0,"10":3},"f":{"0":0},"b":{"0":[0]}}
,"C:\\Users\\jesde\\OneDrive\\Documentos\\proyecto-si8811b-2024-ii-u1-backend-nodejs\\src\\controllers\\SyncController.ts": {"path":"C:\\Users\\jesde\\OneDrive\\Documentos\\proyecto-si8811b-2024-ii-u1-backend-nodejs\\src\\controllers\\SyncController.ts","statementMap":{"0":{"start":{"line":2,"column":0},"end":{"line":2,"column":112}},"1":{"start":{"line":3,"column":0},"end":{"line":3,"column":36}},"2":{"start":{"line":4,"column":0},"end":{"line":4,"column":45}},"3":{"start":{"line":5,"column":0},"end":{"line":5,"column":42}},"4":{"start":{"line":9,"column":26},"end":{"line":35,"column":5}},"5":{"start":{"line":10,"column":39},"end":{"line":10,"column":47}},"6":{"start":{"line":12,"column":8},"end":{"line":34,"column":9}},"7":{"start":{"line":13,"column":12},"end":{"line":13,"column":71}},"8":{"start":{"line":15,"column":27},"end":{"line":15,"column":63}},"9":{"start":{"line":17,"column":12},"end":{"line":30,"column":13}},"10":{"start":{"line":18,"column":42},"end":{"line":18,"column":48}},"11":{"start":{"line":19,"column":35},"end":{"line":19,"column":45}},"12":{"start":{"line":21,"column":16},"end":{"line":21,"column":77}},"13":{"start":{"line":22,"column":16},"end":{"line":26,"column":19}},"14":{"start":{"line":28,"column":16},"end":{"line":28,"column":73}},"15":{"start":{"line":29,"column":16},"end":{"line":29,"column":103}},"16":{"start":{"line":32,"column":12},"end":{"line":32,"column":83}},"17":{"start":{"line":33,"column":12},"end":{"line":33,"column":81}},"18":{"start":{"line":37,"column":30},"end":{"line":86,"column":5}},"19":{"start":{"line":38,"column":39},"end":{"line":38,"column":47}},"20":{"start":{"line":39,"column":23},"end":{"line":39,"column":35}},"21":{"start":{"line":41,"column":8},"end":{"line":85,"column":9}},"22":{"start":{"line":42,"column":12},"end":{"line":42,"column":101}},"23":{"start":{"line":43,"column":27},"end":{"line":43,"column":78}},"24":{"start":{"line":45,"column":12},"end":{"line":81,"column":13}},"25":{"start":{"line":47,"column":46},"end":{"line":55,"column":19}},"26":{"start":{"line":47,"column":77},"end":{"line":55,"column":18}},"27":{"start":{"line":50,"column":78},"end":{"line":53,"column":26}},"28":{"start":{"line":57,"column":39},"end":{"line":62,"column":18}},"29":{"start":{"line":64,"column":35},"end":{"line":64,"column":62}},"30":{"start":{"line":66,"column":16},"end":{"line":77,"column":17}},"31":{"start":{"line":67,"column":20},"end":{"line":67,"column":118}},"32":{"start":{"line":68,"column":20},"end":{"line":73,"column":23}},"33":{"start":{"line":75,"column":20},"end":{"line":75,"column":111}},"34":{"start":{"line":76,"column":20},"end":{"line":76,"column":120}},"35":{"start":{"line":79,"column":16},"end":{"line":79,"column":92}},"36":{"start":{"line":80,"column":16},"end":{"line":80,"column":115}},"37":{"start":{"line":83,"column":12},"end":{"line":83,"column":105}},"38":{"start":{"line":84,"column":12},"end":{"line":84,"column":81}},"39":{"start":{"line":88,"column":32},"end":{"line":127,"column":5}},"40":{"start":{"line":89,"column":8},"end":{"line":126,"column":9}},"41":{"start":{"line":90,"column":43},"end":{"line":90,"column":51}},"42":{"start":{"line":91,"column":27},"end":{"line":91,"column":39}},"43":{"start":{"line":93,"column":12},"end":{"line":93,"column":105}},"44":{"start":{"line":95,"column":27},"end":{"line":95,"column":82}},"45":{"start":{"line":97,"column":12},"end":{"line":100,"column":13}},"46":{"start":{"line":98,"column":16},"end":{"line":98,"column":92}},"47":{"start":{"line":99,"column":16},"end":{"line":99,"column":103}},"48":{"start":{"line":102,"column":37},"end":{"line":107,"column":14}},"49":{"start":{"line":109,"column":31},"end":{"line":109,"column":82}},"50":{"start":{"line":111,"column":12},"end":{"line":122,"column":13}},"51":{"start":{"line":112,"column":16},"end":{"line":112,"column":118}},"52":{"start":{"line":113,"column":16},"end":{"line":118,"column":19}},"53":{"start":{"line":120,"column":16},"end":{"line":120,"column":110}},"54":{"start":{"line":121,"column":16},"end":{"line":121,"column":119}},"55":{"start":{"line":124,"column":12},"end":{"line":124,"column":118}},"56":{"start":{"line":125,"column":12},"end":{"line":125,"column":74}},"57":{"start":{"line":7,"column":0},"end":{"line":7,"column":13}},"58":{"start":{"line":131,"column":0},"end":{"line":131,"column":30}}},"fnMap":{"0":{"name":"(anonymous_1)","decl":{"start":{"line":9,"column":26},"end":{"line":9,"column":31}},"loc":{"start":{"line":9,"column":64},"end":{"line":35,"column":5}}},"1":{"name":"(anonymous_2)","decl":{"start":{"line":37,"column":30},"end":{"line":37,"column":35}},"loc":{"start":{"line":37,"column":68},"end":{"line":86,"column":5}}},"2":{"name":"(anonymous_3)","decl":{"start":{"line":47,"column":66},"end":{"line":47,"column":72}},"loc":{"start":{"line":47,"column":77},"end":{"line":55,"column":18}}},"3":{"name":"(anonymous_4)","decl":{"start":{"line":50,"column":60},"end":{"line":50,"column":61}},"loc":{"start":{"line":50,"column":78},"end":{"line":53,"column":26}}},"4":{"name":"(anonymous_5)","decl":{"start":{"line":88,"column":32},"end":{"line":88,"column":37}},"loc":{"start":{"line":88,"column":70},"end":{"line":127,"column":5}}}},"branchMap":{"0":{"loc":{"start":{"line":17,"column":12},"end":{"line":30,"column":13}},"type":"if","locations":[{"start":{"line":17,"column":12},"end":{"line":30,"column":13}},{"start":{"line":27,"column":19},"end":{"line":30,"column":13}}]},"1":{"loc":{"start":{"line":45,"column":12},"end":{"line":81,"column":13}},"type":"if","locations":[{"start":{"line":45,"column":12},"end":{"line":81,"column":13}},{"start":{"line":78,"column":19},"end":{"line":81,"column":13}}]},"2":{"loc":{"start":{"line":45,"column":16},"end":{"line":45,"column":41}},"type":"binary-expr","locations":[{"start":{"line":45,"column":16},"end":{"line":45,"column":22}},{"start":{"line":45,"column":26},"end":{"line":45,"column":41}}]},"3":{"loc":{"start":{"line":52,"column":28},"end":{"line":52,"column":66}},"type":"cond-expr","locations":[{"start":{"line":52,"column":51},"end":{"line":52,"column":56}},{"start":{"line":52,"column":59},"end":{"line":52,"column":66}}]},"4":{"loc":{"start":{"line":66,"column":16},"end":{"line":77,"column":17}},"type":"if","locations":[{"start":{"line":66,"column":16},"end":{"line":77,"column":17}},{"start":{"line":74,"column":23},"end":{"line":77,"column":17}}]},"5":{"loc":{"start":{"line":97,"column":12},"end":{"line":100,"column":13}},"type":"if","locations":[{"start":{"line":97,"column":12},"end":{"line":100,"column":13}}]},"6":{"loc":{"start":{"line":97,"column":16},"end":{"line":97,"column":46}},"type":"binary-expr","locations":[{"start":{"line":97,"column":16},"end":{"line":97,"column":23}},{"start":{"line":97,"column":27},"end":{"line":97,"column":46}}]},"7":{"loc":{"start":{"line":111,"column":12},"end":{"line":122,"column":13}},"type":"if","locations":[{"start":{"line":111,"column":12},"end":{"line":122,"column":13}},{"start":{"line":119,"column":19},"end":{"line":122,"column":13}}]}},"s":{"0":3,"1":3,"2":3,"3":3,"4":3,"5":2,"6":2,"7":2,"8":2,"9":2,"10":1,"11":1,"12":1,"13":1,"14":1,"15":1,"16":0,"17":0,"18":3,"19":2,"20":2,"21":2,"22":2,"23":2,"24":2,"25":1,"26":1,"27":1,"28":1,"29":1,"30":1,"31":1,"32":1,"33":0,"34":0,"35":1,"36":1,"37":0,"38":0,"39":3,"40":2,"41":2,"42":2,"43":2,"44":2,"45":2,"46":1,"47":1,"48":1,"49":1,"50":1,"51":1,"52":1,"53":0,"54":0,"55":0,"56":0,"57":3,"58":3},"f":{"0":2,"1":2,"2":1,"3":1,"4":2},"b":{"0":[1,1],"1":[1,1],"2":[2,1],"3":[1,0],"4":[1,0],"5":[1],"6":[2,1],"7":[1,0]}}
,"C:\\Users\\jesde\\OneDrive\\Documentos\\proyecto-si8811b-2024-ii-u1-backend-nodejs\\src\\emails\\AuthEmail.ts": {"path":"C:\\Users\\jesde\\OneDrive\\Documentos\\proyecto-si8811b-2024-ii-u1-backend-nodejs\\src\\emails\\AuthEmail.ts","statementMap":{"0":{"start":{"line":1,"column":0},"end":{"line":1,"column":50}},"1":{"start":{"line":10,"column":34},"end":{"line":26,"column":5}},"2":{"start":{"line":11,"column":21},"end":{"line":23,"column":10}},"3":{"start":{"line":25,"column":8},"end":{"line":25,"column":null}},"4":{"start":{"line":28,"column":36},"end":{"line":43,"column":5}},"5":{"start":{"line":29,"column":21},"end":{"line":40,"column":10}},"6":{"start":{"line":42,"column":8},"end":{"line":42,"column":null}},"7":{"start":{"line":9,"column":0},"end":{"line":9,"column":13}}},"fnMap":{"0":{"name":"(anonymous_0)","decl":{"start":{"line":10,"column":34},"end":{"line":10,"column":39}},"loc":{"start":{"line":10,"column":59},"end":{"line":26,"column":5}}},"1":{"name":"(anonymous_1)","decl":{"start":{"line":28,"column":36},"end":{"line":28,"column":41}},"loc":{"start":{"line":28,"column":61},"end":{"line":43,"column":5}}}},"branchMap":{},"s":{"0":4,"1":4,"2":0,"3":0,"4":4,"5":0,"6":0,"7":4},"f":{"0":0,"1":0},"b":{}}
,"C:\\Users\\jesde\\OneDrive\\Documentos\\proyecto-si8811b-2024-ii-u1-backend-nodejs\\src\\emails\\JustificationEmail.ts": {"path":"C:\\Users\\jesde\\OneDrive\\Documentos\\proyecto-si8811b-2024-ii-u1-backend-nodejs\\src\\emails\\JustificationEmail.ts","statementMap":{"0":{"start":{"line":1,"column":0},"end":{"line":1,"column":51}},"1":{"start":{"line":14,"column":36},"end":{"line":36,"column":5}},"2":{"start":{"line":15,"column":8},"end":{"line":35,"column":9}},"3":{"start":{"line":16,"column":25},"end":{"line":29,"column":14}},"4":{"start":{"line":31,"column":12},"end":{"line":31,"column":75}},"5":{"start":{"line":33,"column":12},"end":{"line":33,"column":77}},"6":{"start":{"line":34,"column":12},"end":{"line":34,"column":77}},"7":{"start":{"line":13,"column":0},"end":{"line":13,"column":13}}},"fnMap":{"0":{"name":"(anonymous_0)","decl":{"start":{"line":14,"column":36},"end":{"line":14,"column":41}},"loc":{"start":{"line":14,"column":75},"end":{"line":36,"column":5}}}},"branchMap":{"0":{"loc":{"start":{"line":25,"column":22},"end":{"line":25,"column":110}},"type":"cond-expr","locations":[{"start":{"line":25,"column":44},"end":{"line":25,"column":105}},{"start":{"line":25,"column":108},"end":{"line":25,"column":110}}]},"1":{"loc":{"start":{"line":26,"column":22},"end":{"line":26,"column":144}},"type":"cond-expr","locations":[{"start":{"line":26,"column":46},"end":{"line":26,"column":139}},{"start":{"line":26,"column":142},"end":{"line":26,"column":144}}]}},"s":{"0":4,"1":4,"2":0,"3":0,"4":0,"5":0,"6":0,"7":4},"f":{"0":0},"b":{"0":[0,0],"1":[0,0]}}
,"C:\\Users\\jesde\\OneDrive\\Documentos\\proyecto-si8811b-2024-ii-u1-backend-nodejs\\src\\logs\\logger.ts": {"path":"C:\\Users\\jesde\\OneDrive\\Documentos\\proyecto-si8811b-2024-ii-u1-backend-nodejs\\src\\logs\\logger.ts","statementMap":{"0":{"start":{"line":1,"column":0},"end":{"line":1,"column":30}},"1":{"start":{"line":3,"column":39},"end":{"line":3,"column":53}},"2":{"start":{"line":6,"column":18},"end":{"line":8,"column":2}},"3":{"start":{"line":7,"column":2},"end":{"line":7,"column":47}},"4":{"start":{"line":11,"column":15},"end":{"line":21,"column":2}},"5":{"start":{"line":23,"column":0},"end":{"line":23,"column":22}}},"fnMap":{"0":{"name":"(anonymous_1)","decl":{"start":{"line":6,"column":25},"end":{"line":6,"column":26}},"loc":{"start":{"line":6,"column":59},"end":{"line":8,"column":1}}}},"branchMap":{},"s":{"0":3,"1":3,"2":3,"3":0,"4":3,"5":3},"f":{"0":0},"b":{}}
,"C:\\Users\\jesde\\OneDrive\\Documentos\\proyecto-si8811b-2024-ii-u1-backend-nodejs\\src\\middleware\\auth.ts": {"path":"C:\\Users\\jesde\\OneDrive\\Documentos\\proyecto-si8811b-2024-ii-u1-backend-nodejs\\src\\middleware\\auth.ts","statementMap":{"0":{"start":{"line":2,"column":0},"end":{"line":2,"column":30}},"1":{"start":{"line":3,"column":0},"end":{"line":3,"column":44}},"2":{"start":{"line":13,"column":28},"end":{"line":38,"column":1}},"3":{"start":{"line":14,"column":19},"end":{"line":14,"column":44}},"4":{"start":{"line":15,"column":4},"end":{"line":18,"column":5}},"5":{"start":{"line":16,"column":22},"end":{"line":16,"column":48}},"6":{"start":{"line":17,"column":8},"end":{"line":17,"column":null}},"7":{"start":{"line":20,"column":22},"end":{"line":20,"column":39}},"8":{"start":{"line":22,"column":4},"end":{"line":37,"column":5}},"9":{"start":{"line":23,"column":24},"end":{"line":23,"column":65}},"10":{"start":{"line":25,"column":8},"end":{"line":33,"column":9}},"11":{"start":{"line":26,"column":25},"end":{"line":26,"column":81}},"12":{"start":{"line":27,"column":12},"end":{"line":32,"column":13}},"13":{"start":{"line":28,"column":16},"end":{"line":28,"column":null}},"14":{"start":{"line":29,"column":16},"end":{"line":29,"column":null}},"15":{"start":{"line":31,"column":16},"end":{"line":31,"column":null}},"16":{"start":{"line":36,"column":8},"end":{"line":36,"column":null}},"17":{"start":{"line":13,"column":13},"end":{"line":13,"column":28}}},"fnMap":{"0":{"name":"(anonymous_1)","decl":{"start":{"line":13,"column":28},"end":{"line":13,"column":33}},"loc":{"start":{"line":13,"column":86},"end":{"line":38,"column":1}}}},"branchMap":{"0":{"loc":{"start":{"line":15,"column":4},"end":{"line":18,"column":5}},"type":"if","locations":[{"start":{"line":15,"column":4},"end":{"line":18,"column":5}}]},"1":{"loc":{"start":{"line":25,"column":8},"end":{"line":33,"column":9}},"type":"if","locations":[{"start":{"line":25,"column":8},"end":{"line":33,"column":9}}]},"2":{"loc":{"start":{"line":25,"column":11},"end":{"line":25,"column":52}},"type":"binary-expr","locations":[{"start":{"line":25,"column":11},"end":{"line":25,"column":38}},{"start":{"line":25,"column":42},"end":{"line":25,"column":52}}]},"3":{"loc":{"start":{"line":27,"column":12},"end":{"line":32,"column":13}},"type":"if","locations":[{"start":{"line":27,"column":12},"end":{"line":32,"column":13}},{"start":{"line":30,"column":19},"end":{"line":32,"column":13}}]}},"s":{"0":3,"1":3,"2":3,"3":15,"4":15,"5":3,"6":3,"7":12,"8":12,"9":12,"10":12,"11":12,"12":12,"13":12,"14":12,"15":0,"16":0,"17":3},"f":{"0":15},"b":{"0":[3],"1":[12],"2":[12,12],"3":[12,0]}}
,"C:\\Users\\jesde\\OneDrive\\Documentos\\proyecto-si8811b-2024-ii-u1-backend-nodejs\\src\\middleware\\validation.ts": {"path":"C:\\Users\\jesde\\OneDrive\\Documentos\\proyecto-si8811b-2024-ii-u1-backend-nodejs\\src\\middleware\\validation.ts","statementMap":{"0":{"start":{"line":2,"column":0},"end":{"line":2,"column":52}},"1":{"start":{"line":4,"column":33},"end":{"line":10,"column":1}},"2":{"start":{"line":5,"column":17},"end":{"line":5,"column":38}},"3":{"start":{"line":6,"column":4},"end":{"line":8,"column":5}},"4":{"start":{"line":7,"column":8},"end":{"line":7,"column":null}},"5":{"start":{"line":9,"column":4},"end":{"line":9,"column":null}},"6":{"start":{"line":4,"column":13},"end":{"line":4,"column":33}}},"fnMap":{"0":{"name":"(anonymous_0)","decl":{"start":{"line":4,"column":33},"end":{"line":4,"column":34}},"loc":{"start":{"line":4,"column":85},"end":{"line":10,"column":1}}}},"branchMap":{"0":{"loc":{"start":{"line":6,"column":4},"end":{"line":8,"column":5}},"type":"if","locations":[{"start":{"line":6,"column":4},"end":{"line":8,"column":5}}]}},"s":{"0":3,"1":3,"2":17,"3":17,"4":1,"5":16,"6":3},"f":{"0":17},"b":{"0":[1]}}
,"C:\\Users\\jesde\\OneDrive\\Documentos\\proyecto-si8811b-2024-ii-u1-backend-nodejs\\src\\models\\Attendace.ts": {"path":"C:\\Users\\jesde\\OneDrive\\Documentos\\proyecto-si8811b-2024-ii-u1-backend-nodejs\\src\\models\\Attendace.ts","statementMap":{"0":{"start":{"line":1,"column":0},"end":{"line":1,"column":54}},"1":{"start":{"line":21,"column":33},"end":{"line":59,"column":2}},"2":{"start":{"line":61,"column":19},"end":{"line":61,"column":86}},"3":{"start":{"line":62,"column":0},"end":{"line":62,"column":26}}},"fnMap":{},"branchMap":{},"s":{"0":3,"1":3,"2":3,"3":3},"f":{},"b":{}}
,"C:\\Users\\jesde\\OneDrive\\Documentos\\proyecto-si8811b-2024-ii-u1-backend-nodejs\\src\\models\\Justification.ts": {"path":"C:\\Users\\jesde\\OneDrive\\Documentos\\proyecto-si8811b-2024-ii-u1-backend-nodejs\\src\\models\\Justification.ts","statementMap":{"0":{"start":{"line":1,"column":0},"end":{"line":1,"column":54}},"1":{"start":{"line":15,"column":28},"end":{"line":35,"column":2}},"2":{"start":{"line":37,"column":22},"end":{"line":37,"column":90}},"3":{"start":{"line":39,"column":0},"end":{"line":39,"column":29}}},"fnMap":{},"branchMap":{},"s":{"0":3,"1":3,"2":3,"3":3},"f":{},"b":{}}
,"C:\\Users\\jesde\\OneDrive\\Documentos\\proyecto-si8811b-2024-ii-u1-backend-nodejs\\src\\models\\Schedule.ts": {"path":"C:\\Users\\jesde\\OneDrive\\Documentos\\proyecto-si8811b-2024-ii-u1-backend-nodejs\\src\\models\\Schedule.ts","statementMap":{"0":{"start":{"line":1,"column":0},"end":{"line":1,"column":54}},"1":{"start":{"line":21,"column":34},"end":{"line":29,"column":18}},"2":{"start":{"line":31,"column":37},"end":{"line":36,"column":18}},"3":{"start":{"line":38,"column":31},"end":{"line":43,"column":2}},"4":{"start":{"line":45,"column":17},"end":{"line":45,"column":78}},"5":{"start":{"line":47,"column":0},"end":{"line":47,"column":24}}},"fnMap":{},"branchMap":{},"s":{"0":3,"1":3,"2":3,"3":3,"4":3,"5":3},"f":{},"b":{}}
,"C:\\Users\\jesde\\OneDrive\\Documentos\\proyecto-si8811b-2024-ii-u1-backend-nodejs\\src\\models\\Token.ts": {"path":"C:\\Users\\jesde\\OneDrive\\Documentos\\proyecto-si8811b-2024-ii-u1-backend-nodejs\\src\\models\\Token.ts","statementMap":{"0":{"start":{"line":1,"column":0},"end":{"line":1,"column":59}},"1":{"start":{"line":9,"column":29},"end":{"line":23,"column":2}},"2":{"start":{"line":25,"column":14},"end":{"line":25,"column":58}},"3":{"start":{"line":26,"column":0},"end":{"line":26,"column":null}}},"fnMap":{},"branchMap":{},"s":{"0":4,"1":4,"2":4,"3":4},"f":{},"b":{}}
,"C:\\Users\\jesde\\OneDrive\\Documentos\\proyecto-si8811b-2024-ii-u1-backend-nodejs\\src\\models\\User.ts": {"path":"C:\\Users\\jesde\\OneDrive\\Documentos\\proyecto-si8811b-2024-ii-u1-backend-nodejs\\src\\models\\User.ts","statementMap":{"0":{"start":{"line":1,"column":0},"end":{"line":1,"column":52}},"1":{"start":{"line":10,"column":27},"end":{"line":29,"column":2}},"2":{"start":{"line":31,"column":13},"end":{"line":31,"column":54}},"3":{"start":{"line":32,"column":0},"end":{"line":32,"column":null}}},"fnMap":{},"branchMap":{},"s":{"0":4,"1":4,"2":4,"3":4},"f":{},"b":{}}
,"C:\\Users\\jesde\\OneDrive\\Documentos\\proyecto-si8811b-2024-ii-u1-backend-nodejs\\src\\routes\\attendanceRoutes.ts": {"path":"C:\\Users\\jesde\\OneDrive\\Documentos\\proyecto-si8811b-2024-ii-u1-backend-nodejs\\src\\routes\\attendanceRoutes.ts","statementMap":{"0":{"start":{"line":1,"column":0},"end":{"line":1,"column":30}},"1":{"start":{"line":2,"column":0},"end":{"line":2,"column":50}},"2":{"start":{"line":3,"column":0},"end":{"line":3,"column":71}},"3":{"start":{"line":5,"column":15},"end":{"line":5,"column":31}},"4":{"start":{"line":54,"column":0},"end":{"line":54,"column":70}},"5":{"start":{"line":56,"column":0},"end":{"line":56,"column":22}}},"fnMap":{},"branchMap":{},"s":{"0":3,"1":3,"2":3,"3":3,"4":3,"5":3},"f":{},"b":{}}
,"C:\\Users\\jesde\\OneDrive\\Documentos\\proyecto-si8811b-2024-ii-u1-backend-nodejs\\src\\routes\\authRoutes.ts": {"path":"C:\\Users\\jesde\\OneDrive\\Documentos\\proyecto-si8811b-2024-ii-u1-backend-nodejs\\src\\routes\\authRoutes.ts","statementMap":{"0":{"start":{"line":1,"column":0},"end":{"line":1,"column":32}},"1":{"start":{"line":2,"column":0},"end":{"line":2,"column":47}},"2":{"start":{"line":3,"column":0},"end":{"line":3,"column":62}},"3":{"start":{"line":4,"column":0},"end":{"line":4,"column":60}},"4":{"start":{"line":5,"column":0},"end":{"line":5,"column":49}},"5":{"start":{"line":7,"column":15},"end":{"line":7,"column":23}},"6":{"start":{"line":39,"column":0},"end":{"line":54,"column":null}},"7":{"start":{"line":45,"column":8},"end":{"line":47,"column":9}},"8":{"start":{"line":46,"column":12},"end":{"line":46,"column":54}},"9":{"start":{"line":48,"column":8},"end":{"line":48,"column":20}},"10":{"start":{"line":77,"column":0},"end":{"line":82,"column":null}},"11":{"start":{"line":107,"column":0},"end":{"line":114,"column":null}},"12":{"start":{"line":138,"column":0},"end":{"line":143,"column":null}},"13":{"start":{"line":166,"column":0},"end":{"line":171,"column":null}},"14":{"start":{"line":194,"column":0},"end":{"line":199,"column":null}},"15":{"start":{"line":230,"column":0},"end":{"line":243,"column":null}},"16":{"start":{"line":236,"column":8},"end":{"line":238,"column":9}},"17":{"start":{"line":237,"column":12},"end":{"line":237,"column":54}},"18":{"start":{"line":239,"column":8},"end":{"line":239,"column":20}},"19":{"start":{"line":270,"column":0},"end":{"line":273,"column":null}},"20":{"start":{"line":275,"column":0},"end":{"line":275,"column":null}}},"fnMap":{"0":{"name":"(anonymous_0)","decl":{"start":{"line":44,"column":41},"end":{"line":44,"column":42}},"loc":{"start":{"line":44,"column":58},"end":{"line":49,"column":5}}},"1":{"name":"(anonymous_1)","decl":{"start":{"line":235,"column":41},"end":{"line":235,"column":42}},"loc":{"start":{"line":235,"column":58},"end":{"line":240,"column":5}}}},"branchMap":{"0":{"loc":{"start":{"line":45,"column":8},"end":{"line":47,"column":9}},"type":"if","locations":[{"start":{"line":45,"column":8},"end":{"line":47,"column":9}}]},"1":{"loc":{"start":{"line":236,"column":8},"end":{"line":238,"column":9}},"type":"if","locations":[{"start":{"line":236,"column":8},"end":{"line":238,"column":9}}]}},"s":{"0":3,"1":3,"2":3,"3":3,"4":3,"5":3,"6":3,"7":1,"8":0,"9":1,"10":3,"11":3,"12":3,"13":3,"14":3,"15":3,"16":1,"17":0,"18":1,"19":3,"20":3},"f":{"0":1,"1":1},"b":{"0":[0],"1":[0]}}
,"C:\\Users\\jesde\\OneDrive\\Documentos\\proyecto-si8811b-2024-ii-u1-backend-nodejs\\src\\routes\\justificationRoutes.ts": {"path":"C:\\Users\\jesde\\OneDrive\\Documentos\\proyecto-si8811b-2024-ii-u1-backend-nodejs\\src\\routes\\justificationRoutes.ts","statementMap":{"0":{"start":{"line":1,"column":0},"end":{"line":1,"column":33}},"1":{"start":{"line":2,"column":0},"end":{"line":2,"column":41}},"2":{"start":{"line":3,"column":0},"end":{"line":3,"column":50}},"3":{"start":{"line":4,"column":0},"end":{"line":4,"column":81}},"4":{"start":{"line":5,"column":0},"end":{"line":5,"column":61}},"5":{"start":{"line":6,"column":0},"end":{"line":6,"column":42}},"6":{"start":{"line":8,"column":15},"end":{"line":8,"column":23}},"7":{"start":{"line":44,"column":0},"end":{"line":60,"column":null}},"8":{"start":{"line":49,"column":8},"end":{"line":49,"column":57}},"9":{"start":{"line":50,"column":8},"end":{"line":50,"column":50}},"10":{"start":{"line":51,"column":8},"end":{"line":51,"column":15}},"11":{"start":{"line":113,"column":0},"end":{"line":117,"column":null}},"12":{"start":{"line":119,"column":0},"end":{"line":119,"column":22}}},"fnMap":{"0":{"name":"(anonymous_0)","decl":{"start":{"line":48,"column":4},"end":{"line":48,"column":5}},"loc":{"start":{"line":48,"column":23},"end":{"line":52,"column":5}}}},"branchMap":{},"s":{"0":3,"1":3,"2":3,"3":3,"4":3,"5":3,"6":3,"7":3,"8":3,"9":3,"10":3,"11":3,"12":3},"f":{"0":3},"b":{}}
,"C:\\Users\\jesde\\OneDrive\\Documentos\\proyecto-si8811b-2024-ii-u1-backend-nodejs\\src\\routes\\scheduleRoutes.ts": {"path":"C:\\Users\\jesde\\OneDrive\\Documentos\\proyecto-si8811b-2024-ii-u1-backend-nodejs\\src\\routes\\scheduleRoutes.ts","statementMap":{"0":{"start":{"line":1,"column":0},"end":{"line":1,"column":30}},"1":{"start":{"line":2,"column":0},"end":{"line":2,"column":50}},"2":{"start":{"line":3,"column":0},"end":{"line":3,"column":67}},"3":{"start":{"line":5,"column":15},"end":{"line":5,"column":31}},"4":{"start":{"line":57,"column":0},"end":{"line":57,"column":66}},"5":{"start":{"line":59,"column":0},"end":{"line":59,"column":22}}},"fnMap":{},"branchMap":{},"s":{"0":3,"1":3,"2":3,"3":3,"4":3,"5":3},"f":{},"b":{}}
,"C:\\Users\\jesde\\OneDrive\\Documentos\\proyecto-si8811b-2024-ii-u1-backend-nodejs\\src\\routes\\syncRoutes.ts": {"path":"C:\\Users\\jesde\\OneDrive\\Documentos\\proyecto-si8811b-2024-ii-u1-backend-nodejs\\src\\routes\\syncRoutes.ts","statementMap":{"0":{"start":{"line":1,"column":0},"end":{"line":1,"column":33}},"1":{"start":{"line":2,"column":0},"end":{"line":2,"column":41}},"2":{"start":{"line":3,"column":0},"end":{"line":3,"column":63}},"3":{"start":{"line":4,"column":0},"end":{"line":4,"column":61}},"4":{"start":{"line":5,"column":0},"end":{"line":5,"column":50}},"5":{"start":{"line":7,"column":15},"end":{"line":7,"column":23}},"6":{"start":{"line":39,"column":0},"end":{"line":46,"column":2}},"7":{"start":{"line":113,"column":0},"end":{"line":120,"column":2}},"8":{"start":{"line":192,"column":0},"end":{"line":199,"column":2}},"9":{"start":{"line":201,"column":0},"end":{"line":201,"column":22}}},"fnMap":{},"branchMap":{},"s":{"0":3,"1":3,"2":3,"3":3,"4":3,"5":3,"6":3,"7":3,"8":3,"9":3},"f":{},"b":{}}
,"C:\\Users\\jesde\\OneDrive\\Documentos\\proyecto-si8811b-2024-ii-u1-backend-nodejs\\src\\services\\intranetSync.ts": {"path":"C:\\Users\\jesde\\OneDrive\\Documentos\\proyecto-si8811b-2024-ii-u1-backend-nodejs\\src\\services\\intranetSync.ts","statementMap":{"0":{"start":{"line":1,"column":0},"end":{"line":1,"column":34}},"1":{"start":{"line":2,"column":0},"end":{"line":2,"column":37}},"2":{"start":{"line":3,"column":0},"end":{"line":3,"column":20}},"3":{"start":{"line":4,"column":0},"end":{"line":4,"column":24}},"4":{"start":{"line":5,"column":0},"end":{"line":5,"column":76}},"5":{"start":{"line":6,"column":0},"end":{"line":6,"column":61}},"6":{"start":{"line":8,"column":13},"end":{"line":8,"column":76}},"7":{"start":{"line":8,"column":29},"end":{"line":8,"column":76}},"8":{"start":{"line":8,"column":52},"end":{"line":8,"column":75}},"9":{"start":{"line":10,"column":26},"end":{"line":143,"column":1}},"10":{"start":{"line":11,"column":20},"end":{"line":15,"column":6}},"11":{"start":{"line":16,"column":17},"end":{"line":16,"column":40}},"12":{"start":{"line":18,"column":20},"end":{"line":18,"column":28}},"13":{"start":{"line":19,"column":4},"end":{"line":21,"column":5}},"14":{"start":{"line":20,"column":8},"end":{"line":20,"column":30}},"15":{"start":{"line":23,"column":4},"end":{"line":142,"column":5}},"16":{"start":{"line":24,"column":8},"end":{"line":24,"column":72}},"17":{"start":{"line":24,"column":34},"end":{"line":24,"column":70}},"18":{"start":{"line":25,"column":8},"end":{"line":25,"column":81}},"19":{"start":{"line":25,"column":38},"end":{"line":25,"column":79}},"20":{"start":{"line":27,"column":37},"end":{"line":31,"column":9}},"21":{"start":{"line":28,"column":12},"end":{"line":30,"column":35}},"22":{"start":{"line":29,"column":16},"end":{"line":29,"column":108}},"23":{"start":{"line":33,"column":8},"end":{"line":33,"column":92}},"24":{"start":{"line":34,"column":8},"end":{"line":34,"column":37}},"25":{"start":{"line":37,"column":8},"end":{"line":37,"column":39}},"26":{"start":{"line":38,"column":8},"end":{"line":38,"column":36}},"27":{"start":{"line":39,"column":8},"end":{"line":39,"column":93}},"28":{"start":{"line":40,"column":8},"end":{"line":40,"column":37}},"29":{"start":{"line":42,"column":32},"end":{"line":55,"column":9}},"30":{"start":{"line":43,"column":12},"end":{"line":43,"column":99}},"31":{"start":{"line":44,"column":35},"end":{"line":44,"column":72}},"32":{"start":{"line":45,"column":12},"end":{"line":45,"column":88}},"33":{"start":{"line":45,"column":33},"end":{"line":45,"column":88}},"34":{"start":{"line":47,"column":32},"end":{"line":47,"column":65}},"35":{"start":{"line":48,"column":12},"end":{"line":48,"column":67}},"36":{"start":{"line":50,"column":39},"end":{"line":50,"column":117}},"37":{"start":{"line":50,"column":100},"end":{"line":50,"column":114}},"38":{"start":{"line":53,"column":12},"end":{"line":53,"column":39}},"39":{"start":{"line":54,"column":12},"end":{"line":54,"column":50}},"40":{"start":{"line":57,"column":24},"end":{"line":57,"column":47}},"41":{"start":{"line":58,"column":8},"end":{"line":58,"column":54}},"42":{"start":{"line":61,"column":8},"end":{"line":61,"column":65}},"43":{"start":{"line":62,"column":8},"end":{"line":62,"column":25}},"44":{"start":{"line":65,"column":8},"end":{"line":72,"column":20}},"45":{"start":{"line":66,"column":35},"end":{"line":66,"column":91}},"46":{"start":{"line":67,"column":12},"end":{"line":71,"column":13}},"47":{"start":{"line":68,"column":16},"end":{"line":68,"column":51}},"48":{"start":{"line":70,"column":16},"end":{"line":70,"column":71}},"49":{"start":{"line":74,"column":8},"end":{"line":74,"column":25}},"50":{"start":{"line":77,"column":32},"end":{"line":83,"column":10}},"51":{"start":{"line":78,"column":28},"end":{"line":78,"column":85}},"52":{"start":{"line":79,"column":32},"end":{"line":79,"column":89}},"53":{"start":{"line":80,"column":29},"end":{"line":80,"column":93}},"54":{"start":{"line":81,"column":12},"end":{"line":81,"column":97}},"55":{"start":{"line":82,"column":12},"end":{"line":82,"column":51}},"56":{"start":{"line":85,"column":8},"end":{"line":87,"column":9}},"57":{"start":{"line":86,"column":12},"end":{"line":86,"column":98}},"58":{"start":{"line":90,"column":8},"end":{"line":97,"column":11}},"59":{"start":{"line":91,"column":25},"end":{"line":91,"column":74}},"60":{"start":{"line":92,"column":12},"end":{"line":96,"column":13}},"61":{"start":{"line":93,"column":16},"end":{"line":93,"column":30}},"62":{"start":{"line":95,"column":16},"end":{"line":95,"column":62}},"63":{"start":{"line":100,"column":8},"end":{"line":100,"column":84}},"64":{"start":{"line":101,"column":8},"end":{"line":101,"column":37}},"65":{"start":{"line":104,"column":27},"end":{"line":104,"column":65}},"66":{"start":{"line":105,"column":8},"end":{"line":114,"column":9}},"67":{"start":{"line":106,"column":12},"end":{"line":106,"column":124}},"68":{"start":{"line":107,"column":12},"end":{"line":109,"column":15}},"69":{"start":{"line":108,"column":16},"end":{"line":108,"column":53}},"70":{"start":{"line":112,"column":12},"end":{"line":112,"column":88}},"71":{"start":{"line":113,"column":12},"end":{"line":113,"column":41}},"72":{"start":{"line":116,"column":27},"end":{"line":116,"column":37}},"73":{"start":{"line":117,"column":8},"end":{"line":117,"column":72}},"74":{"start":{"line":119,"column":8},"end":{"line":123,"column":9}},"75":{"start":{"line":120,"column":28},"end":{"line":120,"column":48}},"76":{"start":{"line":121,"column":12},"end":{"line":121,"column":69}},"77":{"start":{"line":122,"column":12},"end":{"line":122,"column":94}},"78":{"start":{"line":125,"column":29},"end":{"line":125,"column":63}},"79":{"start":{"line":126,"column":29},"end":{"line":126,"column":66}},"80":{"start":{"line":128,"column":8},"end":{"line":130,"column":9}},"81":{"start":{"line":129,"column":12},"end":{"line":129,"column":79}},"82":{"start":{"line":132,"column":24},"end":{"line":132,"column":44}},"83":{"start":{"line":133,"column":8},"end":{"line":133,"column":51}},"84":{"start":{"line":136,"column":8},"end":{"line":136,"column":47}},"85":{"start":{"line":139,"column":8},"end":{"line":139,"column":61}},"86":{"start":{"line":140,"column":8},"end":{"line":140,"column":30}},"87":{"start":{"line":141,"column":8},"end":{"line":141,"column":20}},"88":{"start":{"line":10,"column":13},"end":{"line":10,"column":26}},"89":{"start":{"line":145,"column":41},"end":{"line":208,"column":1}},"90":{"start":{"line":146,"column":23},"end":{"line":146,"column":59}},"91":{"start":{"line":147,"column":4},"end":{"line":147,"column":33}},"92":{"start":{"line":147,"column":21},"end":{"line":147,"column":33}},"93":{"start":{"line":149,"column":44},"end":{"line":149,"column":54}},"94":{"start":{"line":151,"column":4},"end":{"line":207,"column":5}},"95":{"start":{"line":152,"column":27},"end":{"line":152,"column":97}},"96":{"start":{"line":153,"column":8},"end":{"line":153,"column":41}},"97":{"start":{"line":154,"column":8},"end":{"line":154,"column":67}},"98":{"start":{"line":155,"column":8},"end":{"line":155,"column":69}},"99":{"start":{"line":157,"column":8},"end":{"line":159,"column":9}},"100":{"start":{"line":158,"column":12},"end":{"line":158,"column":89}},"101":{"start":{"line":161,"column":8},"end":{"line":161,"column":92}},"102":{"start":{"line":162,"column":8},"end":{"line":162,"column":70}},"103":{"start":{"line":165,"column":25},"end":{"line":191,"column":10}},"104":{"start":{"line":166,"column":26},"end":{"line":166,"column":85}},"105":{"start":{"line":167,"column":12},"end":{"line":167,"column":34}},"106":{"start":{"line":167,"column":24},"end":{"line":167,"column":34}},"107":{"start":{"line":169,"column":25},"end":{"line":169,"column":71}},"108":{"start":{"line":170,"column":12},"end":{"line":190,"column":31}},"109":{"start":{"line":171,"column":30},"end":{"line":171,"column":68}},"110":{"start":{"line":172,"column":16},"end":{"line":172,"column":52}},"111":{"start":{"line":172,"column":40},"end":{"line":172,"column":52}},"112":{"start":{"line":174,"column":35},"end":{"line":179,"column":18}},"113":{"start":{"line":181,"column":29},"end":{"line":181,"column":103}},"114":{"start":{"line":182,"column":16},"end":{"line":187,"column":17}},"115":{"start":{"line":182,"column":29},"end":{"line":182,"column":30}},"116":{"start":{"line":183,"column":37},"end":{"line":183,"column":66}},"117":{"start":{"line":184,"column":20},"end":{"line":186,"column":21}},"118":{"start":{"line":185,"column":24},"end":{"line":185,"column":78}},"119":{"start":{"line":189,"column":16},"end":{"line":189,"column":34}},"120":{"start":{"line":193,"column":8},"end":{"line":193,"column":27}},"121":{"start":{"line":194,"column":8},"end":{"line":194,"column":37}},"122":{"start":{"line":196,"column":8},"end":{"line":196,"column":37}},"123":{"start":{"line":199,"column":8},"end":{"line":199,"column":73}},"124":{"start":{"line":201,"column":8},"end":{"line":203,"column":9}},"125":{"start":{"line":202,"column":12},"end":{"line":202,"column":31}},"126":{"start":{"line":204,"column":8},"end":{"line":204,"column":37}},"127":{"start":{"line":206,"column":8},"end":{"line":206,"column":20}},"128":{"start":{"line":145,"column":13},"end":{"line":145,"column":41}},"129":{"start":{"line":212,"column":45},"end":{"line":289,"column":1}},"130":{"start":{"line":213,"column":23},"end":{"line":213,"column":59}},"131":{"start":{"line":214,"column":4},"end":{"line":214,"column":33}},"132":{"start":{"line":214,"column":21},"end":{"line":214,"column":33}},"133":{"start":{"line":216,"column":44},"end":{"line":216,"column":54}},"134":{"start":{"line":218,"column":4},"end":{"line":288,"column":5}},"135":{"start":{"line":219,"column":30},"end":{"line":219,"column":102}},"136":{"start":{"line":220,"column":8},"end":{"line":220,"column":41}},"137":{"start":{"line":221,"column":8},"end":{"line":221,"column":70}},"138":{"start":{"line":222,"column":8},"end":{"line":222,"column":72}},"139":{"start":{"line":224,"column":8},"end":{"line":226,"column":9}},"140":{"start":{"line":225,"column":12},"end":{"line":225,"column":92}},"141":{"start":{"line":228,"column":8},"end":{"line":228,"column":67}},"142":{"start":{"line":229,"column":8},"end":{"line":229,"column":85}},"143":{"start":{"line":232,"column":28},"end":{"line":272,"column":10}},"144":{"start":{"line":233,"column":42},"end":{"line":233,"column":76}},"145":{"start":{"line":234,"column":12},"end":{"line":234,"column":50}},"146":{"start":{"line":234,"column":40},"end":{"line":234,"column":50}},"147":{"start":{"line":236,"column":27},"end":{"line":236,"column":83}},"148":{"start":{"line":237,"column":12},"end":{"line":271,"column":15}},"149":{"start":{"line":238,"column":36},"end":{"line":238,"column":82}},"150":{"start":{"line":241,"column":28},"end":{"line":241,"column":52}},"151":{"start":{"line":242,"column":16},"end":{"line":244,"column":17}},"152":{"start":{"line":243,"column":20},"end":{"line":243,"column":53}},"153":{"start":{"line":246,"column":16},"end":{"line":249,"column":17}},"154":{"start":{"line":247,"column":20},"end":{"line":247,"column":90}},"155":{"start":{"line":248,"column":20},"end":{"line":248,"column":67}},"156":{"start":{"line":251,"column":30},"end":{"line":251,"column":70}},"157":{"start":{"line":252,"column":16},"end":{"line":255,"column":17}},"158":{"start":{"line":253,"column":20},"end":{"line":253,"column":94}},"159":{"start":{"line":254,"column":20},"end":{"line":254,"column":67}},"160":{"start":{"line":257,"column":31},"end":{"line":257,"column":114}},"161":{"start":{"line":257,"column":94},"end":{"line":257,"column":113}},"162":{"start":{"line":258,"column":29},"end":{"line":258,"column":112}},"163":{"start":{"line":258,"column":92},"end":{"line":258,"column":111}},"164":{"start":{"line":259,"column":32},"end":{"line":259,"column":115}},"165":{"start":{"line":259,"column":95},"end":{"line":259,"column":114}},"166":{"start":{"line":261,"column":34},"end":{"line":265,"column":69}},"167":{"start":{"line":261,"column":64},"end":{"line":265,"column":18}},"168":{"start":{"line":265,"column":34},"end":{"line":265,"column":68}},"169":{"start":{"line":267,"column":16},"end":{"line":270,"column":18}},"170":{"start":{"line":274,"column":8},"end":{"line":274,"column":27}},"171":{"start":{"line":275,"column":8},"end":{"line":275,"column":37}},"172":{"start":{"line":277,"column":8},"end":{"line":277,"column":40}},"173":{"start":{"line":280,"column":8},"end":{"line":280,"column":76}},"174":{"start":{"line":282,"column":8},"end":{"line":284,"column":9}},"175":{"start":{"line":283,"column":12},"end":{"line":283,"column":31}},"176":{"start":{"line":285,"column":8},"end":{"line":285,"column":37}},"177":{"start":{"line":287,"column":8},"end":{"line":287,"column":20}},"178":{"start":{"line":212,"column":13},"end":{"line":212,"column":45}}},"fnMap":{"0":{"name":"(anonymous_1)","decl":{"start":{"line":8,"column":13},"end":{"line":8,"column":14}},"loc":{"start":{"line":8,"column":29},"end":{"line":8,"column":76}}},"1":{"name":"(anonymous_2)","decl":{"start":{"line":8,"column":41},"end":{"line":8,"column":48}},"loc":{"start":{"line":8,"column":52},"end":{"line":8,"column":75}}},"2":{"name":"(anonymous_3)","decl":{"start":{"line":10,"column":26},"end":{"line":10,"column":31}},"loc":{"start":{"line":10,"column":71},"end":{"line":143,"column":1}}},"3":{"name":"(anonymous_4)","decl":{"start":{"line":24,"column":27},"end":{"line":24,"column":30}},"loc":{"start":{"line":24,"column":34},"end":{"line":24,"column":70}}},"4":{"name":"(anonymous_5)","decl":{"start":{"line":25,"column":29},"end":{"line":25,"column":34}},"loc":{"start":{"line":25,"column":38},"end":{"line":25,"column":79}}},"5":{"name":"(anonymous_6)","decl":{"start":{"line":27,"column":37},"end":{"line":27,"column":42}},"loc":{"start":{"line":27,"column":48},"end":{"line":31,"column":9}}},"6":{"name":"(anonymous_7)","decl":{"start":{"line":28,"column":39},"end":{"line":28,"column":42}},"loc":{"start":{"line":28,"column":44},"end":{"line":30,"column":13}}},"7":{"name":"(anonymous_8)","decl":{"start":{"line":42,"column":32},"end":{"line":42,"column":37}},"loc":{"start":{"line":42,"column":43},"end":{"line":55,"column":9}}},"8":{"name":"(anonymous_9)","decl":{"start":{"line":50,"column":95},"end":{"line":50,"column":96}},"loc":{"start":{"line":50,"column":100},"end":{"line":50,"column":114}}},"9":{"name":"(anonymous_10)","decl":{"start":{"line":65,"column":28},"end":{"line":65,"column":29}},"loc":{"start":{"line":65,"column":44},"end":{"line":72,"column":9}}},"10":{"name":"(anonymous_11)","decl":{"start":{"line":77,"column":52},"end":{"line":77,"column":55}},"loc":{"start":{"line":77,"column":57},"end":{"line":83,"column":9}}},"11":{"name":"(anonymous_12)","decl":{"start":{"line":90,"column":28},"end":{"line":90,"column":31}},"loc":{"start":{"line":90,"column":33},"end":{"line":97,"column":9}}},"12":{"name":"(anonymous_13)","decl":{"start":{"line":107,"column":32},"end":{"line":107,"column":35}},"loc":{"start":{"line":107,"column":37},"end":{"line":109,"column":13}}},"13":{"name":"(anonymous_14)","decl":{"start":{"line":145,"column":41},"end":{"line":145,"column":46}},"loc":{"start":{"line":145,"column":86},"end":{"line":208,"column":1}}},"14":{"name":"(anonymous_15)","decl":{"start":{"line":165,"column":45},"end":{"line":165,"column":48}},"loc":{"start":{"line":165,"column":50},"end":{"line":191,"column":9}}},"15":{"name":"(anonymous_16)","decl":{"start":{"line":170,"column":28},"end":{"line":170,"column":31}},"loc":{"start":{"line":170,"column":34},"end":{"line":190,"column":13}}},"16":{"name":"(anonymous_17)","decl":{"start":{"line":212,"column":45},"end":{"line":212,"column":50}},"loc":{"start":{"line":212,"column":90},"end":{"line":289,"column":1}}},"17":{"name":"(anonymous_18)","decl":{"start":{"line":232,"column":48},"end":{"line":232,"column":51}},"loc":{"start":{"line":232,"column":53},"end":{"line":272,"column":9}}},"18":{"name":"(anonymous_19)","decl":{"start":{"line":237,"column":30},"end":{"line":237,"column":35}},"loc":{"start":{"line":237,"column":38},"end":{"line":271,"column":13}}},"19":{"name":"(anonymous_20)","decl":{"start":{"line":257,"column":88},"end":{"line":257,"column":90}},"loc":{"start":{"line":257,"column":94},"end":{"line":257,"column":113}}},"20":{"name":"(anonymous_21)","decl":{"start":{"line":258,"column":86},"end":{"line":258,"column":88}},"loc":{"start":{"line":258,"column":92},"end":{"line":258,"column":111}}},"21":{"name":"(anonymous_22)","decl":{"start":{"line":259,"column":89},"end":{"line":259,"column":91}},"loc":{"start":{"line":259,"column":95},"end":{"line":259,"column":114}}},"22":{"name":"(anonymous_23)","decl":{"start":{"line":261,"column":45},"end":{"line":261,"column":46}},"loc":{"start":{"line":261,"column":64},"end":{"line":265,"column":18}}},"23":{"name":"(anonymous_24)","decl":{"start":{"line":265,"column":27},"end":{"line":265,"column":30}},"loc":{"start":{"line":265,"column":34},"end":{"line":265,"column":68}}}},"branchMap":{"0":{"loc":{"start":{"line":19,"column":4},"end":{"line":21,"column":5}},"type":"if","locations":[{"start":{"line":19,"column":4},"end":{"line":21,"column":5}}]},"1":{"loc":{"start":{"line":29,"column":23},"end":{"line":29,"column":107}},"type":"binary-expr","locations":[{"start":{"line":29,"column":23},"end":{"line":29,"column":57}},{"start":{"line":29,"column":61},"end":{"line":29,"column":107}}]},"2":{"loc":{"start":{"line":45,"column":12},"end":{"line":45,"column":88}},"type":"if","locations":[{"start":{"line":45,"column":12},"end":{"line":45,"column":88}}]},"3":{"loc":{"start":{"line":67,"column":12},"end":{"line":71,"column":13}},"type":"if","locations":[{"start":{"line":67,"column":12},"end":{"line":71,"column":13}},{"start":{"line":69,"column":19},"end":{"line":71,"column":13}}]},"4":{"loc":{"start":{"line":82,"column":19},"end":{"line":82,"column":50}},"type":"binary-expr","locations":[{"start":{"line":82,"column":19},"end":{"line":82,"column":25}},{"start":{"line":82,"column":29},"end":{"line":82,"column":39}},{"start":{"line":82,"column":43},"end":{"line":82,"column":50}}]},"5":{"loc":{"start":{"line":85,"column":8},"end":{"line":87,"column":9}},"type":"if","locations":[{"start":{"line":85,"column":8},"end":{"line":87,"column":9}}]},"6":{"loc":{"start":{"line":92,"column":12},"end":{"line":96,"column":13}},"type":"if","locations":[{"start":{"line":92,"column":12},"end":{"line":96,"column":13}},{"start":{"line":94,"column":19},"end":{"line":96,"column":13}}]},"7":{"loc":{"start":{"line":105,"column":8},"end":{"line":114,"column":9}},"type":"if","locations":[{"start":{"line":105,"column":8},"end":{"line":114,"column":9}}]},"8":{"loc":{"start":{"line":119,"column":8},"end":{"line":123,"column":9}},"type":"if","locations":[{"start":{"line":119,"column":8},"end":{"line":123,"column":9}}]},"9":{"loc":{"start":{"line":126,"column":29},"end":{"line":126,"column":66}},"type":"cond-expr","locations":[{"start":{"line":126,"column":44},"end":{"line":126,"column":59}},{"start":{"line":126,"column":62},"end":{"line":126,"column":66}}]},"10":{"loc":{"start":{"line":128,"column":8},"end":{"line":130,"column":9}},"type":"if","locations":[{"start":{"line":128,"column":8},"end":{"line":130,"column":9}}]},"11":{"loc":{"start":{"line":147,"column":4},"end":{"line":147,"column":33}},"type":"if","locations":[{"start":{"line":147,"column":4},"end":{"line":147,"column":33}}]},"12":{"loc":{"start":{"line":157,"column":8},"end":{"line":159,"column":9}},"type":"if","locations":[{"start":{"line":157,"column":8},"end":{"line":159,"column":9}}]},"13":{"loc":{"start":{"line":167,"column":12},"end":{"line":167,"column":34}},"type":"if","locations":[{"start":{"line":167,"column":12},"end":{"line":167,"column":34}}]},"14":{"loc":{"start":{"line":172,"column":16},"end":{"line":172,"column":52}},"type":"if","locations":[{"start":{"line":172,"column":16},"end":{"line":172,"column":52}}]},"15":{"loc":{"start":{"line":175,"column":26},"end":{"line":175,"column":61}},"type":"binary-expr","locations":[{"start":{"line":175,"column":26},"end":{"line":175,"column":55}},{"start":{"line":175,"column":59},"end":{"line":175,"column":61}}]},"16":{"loc":{"start":{"line":176,"column":26},"end":{"line":176,"column":61}},"type":"binary-expr","locations":[{"start":{"line":176,"column":26},"end":{"line":176,"column":55}},{"start":{"line":176,"column":59},"end":{"line":176,"column":61}}]},"17":{"loc":{"start":{"line":177,"column":29},"end":{"line":177,"column":64}},"type":"binary-expr","locations":[{"start":{"line":177,"column":29},"end":{"line":177,"column":58}},{"start":{"line":177,"column":62},"end":{"line":177,"column":64}}]},"18":{"loc":{"start":{"line":184,"column":20},"end":{"line":186,"column":21}},"type":"if","locations":[{"start":{"line":184,"column":20},"end":{"line":186,"column":21}}]},"19":{"loc":{"start":{"line":201,"column":8},"end":{"line":203,"column":9}},"type":"if","locations":[{"start":{"line":201,"column":8},"end":{"line":203,"column":9}}]},"20":{"loc":{"start":{"line":214,"column":4},"end":{"line":214,"column":33}},"type":"if","locations":[{"start":{"line":214,"column":4},"end":{"line":214,"column":33}}]},"21":{"loc":{"start":{"line":224,"column":8},"end":{"line":226,"column":9}},"type":"if","locations":[{"start":{"line":224,"column":8},"end":{"line":226,"column":9}}]},"22":{"loc":{"start":{"line":234,"column":12},"end":{"line":234,"column":50}},"type":"if","locations":[{"start":{"line":234,"column":12},"end":{"line":234,"column":50}}]},"23":{"loc":{"start":{"line":238,"column":36},"end":{"line":238,"column":82}},"type":"binary-expr","locations":[{"start":{"line":238,"column":36},"end":{"line":238,"column":76}},{"start":{"line":238,"column":80},"end":{"line":238,"column":82}}]},"24":{"loc":{"start":{"line":242,"column":23},"end":{"line":242,"column":61}},"type":"binary-expr","locations":[{"start":{"line":242,"column":23},"end":{"line":242,"column":28}},{"start":{"line":242,"column":32},"end":{"line":242,"column":61}}]},"25":{"loc":{"start":{"line":246,"column":16},"end":{"line":249,"column":17}},"type":"if","locations":[{"start":{"line":246,"column":16},"end":{"line":249,"column":17}}]},"26":{"loc":{"start":{"line":246,"column":20},"end":{"line":246,"column":59}},"type":"binary-expr","locations":[{"start":{"line":246,"column":20},"end":{"line":246,"column":26}},{"start":{"line":246,"column":30},"end":{"line":246,"column":59}}]},"27":{"loc":{"start":{"line":252,"column":16},"end":{"line":255,"column":17}},"type":"if","locations":[{"start":{"line":252,"column":16},"end":{"line":255,"column":17}}]},"28":{"loc":{"start":{"line":263,"column":25},"end":{"line":263,"column":42}},"type":"binary-expr","locations":[{"start":{"line":263,"column":25},"end":{"line":263,"column":36}},{"start":{"line":263,"column":40},"end":{"line":263,"column":42}}]},"29":{"loc":{"start":{"line":264,"column":28},"end":{"line":264,"column":48}},"type":"binary-expr","locations":[{"start":{"line":264,"column":28},"end":{"line":264,"column":42}},{"start":{"line":264,"column":46},"end":{"line":264,"column":48}}]},"30":{"loc":{"start":{"line":265,"column":34},"end":{"line":265,"column":68}},"type":"binary-expr","locations":[{"start":{"line":265,"column":34},"end":{"line":265,"column":43}},{"start":{"line":265,"column":47},"end":{"line":265,"column":54}},{"start":{"line":265,"column":58},"end":{"line":265,"column":68}}]},"31":{"loc":{"start":{"line":282,"column":8},"end":{"line":284,"column":9}},"type":"if","locations":[{"start":{"line":282,"column":8},"end":{"line":284,"column":9}}]}},"s":{"0":3,"1":3,"2":3,"3":3,"4":3,"5":3,"6":3,"7":0,"8":0,"9":3,"10":0,"11":0,"12":0,"13":0,"14":0,"15":0,"16":0,"17":0,"18":0,"19":0,"20":0,"21":0,"22":0,"23":0,"24":0,"25":0,"26":0,"27":0,"28":0,"29":0,"30":0,"31":0,"32":0,"33":0,"34":0,"35":0,"36":0,"37":0,"38":0,"39":0,"40":0,"41":0,"42":0,"43":0,"44":0,"45":0,"46":0,"47":0,"48":0,"49":0,"50":0,"51":0,"52":0,"53":0,"54":0,"55":0,"56":0,"57":0,"58":0,"59":0,"60":0,"61":0,"62":0,"63":0,"64":0,"65":0,"66":0,"67":0,"68":0,"69":0,"70":0,"71":0,"72":0,"73":0,"74":0,"75":0,"76":0,"77":0,"78":0,"79":0,"80":0,"81":0,"82":0,"83":0,"84":0,"85":0,"86":0,"87":0,"88":3,"89":3,"90":0,"91":0,"92":0,"93":0,"94":0,"95":0,"96":0,"97":0,"98":0,"99":0,"100":0,"101":0,"102":0,"103":0,"104":0,"105":0,"106":0,"107":0,"108":0,"109":0,"110":0,"111":0,"112":0,"113":0,"114":0,"115":0,"116":0,"117":0,"118":0,"119":0,"120":0,"121":0,"122":0,"123":0,"124":0,"125":0,"126":0,"127":0,"128":3,"129":3,"130":0,"131":0,"132":0,"133":0,"134":0,"135":0,"136":0,"137":0,"138":0,"139":0,"140":0,"141":0,"142":0,"143":0,"144":0,"145":0,"146":0,"147":0,"148":0,"149":0,"150":0,"151":0,"152":0,"153":0,"154":0,"155":0,"156":0,"157":0,"158":0,"159":0,"160":0,"161":0,"162":0,"163":0,"164":0,"165":0,"166":0,"167":0,"168":0,"169":0,"170":0,"171":0,"172":0,"173":0,"174":0,"175":0,"176":0,"177":0,"178":3},"f":{"0":0,"1":0,"2":0,"3":0,"4":0,"5":0,"6":0,"7":0,"8":0,"9":0,"10":0,"11":0,"12":0,"13":0,"14":0,"15":0,"16":0,"17":0,"18":0,"19":0,"20":0,"21":0,"22":0,"23":0},"b":{"0":[0],"1":[0,0],"2":[0],"3":[0,0],"4":[0,0,0],"5":[0],"6":[0,0],"7":[0],"8":[0],"9":[0,0],"10":[0],"11":[0],"12":[0],"13":[0],"14":[0],"15":[0,0],"16":[0,0],"17":[0,0],"18":[0],"19":[0],"20":[0],"21":[0],"22":[0],"23":[0,0],"24":[0,0],"25":[0],"26":[0,0],"27":[0],"28":[0,0],"29":[0,0],"30":[0,0,0],"31":[0]}}
,"C:\\Users\\jesde\\OneDrive\\Documentos\\proyecto-si8811b-2024-ii-u1-backend-nodejs\\src\\utils\\auth.ts": {"path":"C:\\Users\\jesde\\OneDrive\\Documentos\\proyecto-si8811b-2024-ii-u1-backend-nodejs\\src\\utils\\auth.ts","statementMap":{"0":{"start":{"line":1,"column":0},"end":{"line":1,"column":27}},"1":{"start":{"line":3,"column":28},"end":{"line":6,"column":1}},"2":{"start":{"line":4,"column":17},"end":{"line":4,"column":41}},"3":{"start":{"line":5,"column":4},"end":{"line":5,"column":null}},"4":{"start":{"line":3,"column":13},"end":{"line":3,"column":28}},"5":{"start":{"line":7,"column":29},"end":{"line":9,"column":1}},"6":{"start":{"line":8,"column":4},"end":{"line":8,"column":null}},"7":{"start":{"line":7,"column":13},"end":{"line":7,"column":29}}},"fnMap":{"0":{"name":"(anonymous_1)","decl":{"start":{"line":3,"column":28},"end":{"line":3,"column":33}},"loc":{"start":{"line":3,"column":55},"end":{"line":6,"column":1}}},"1":{"name":"(anonymous_2)","decl":{"start":{"line":7,"column":29},"end":{"line":7,"column":34}},"loc":{"start":{"line":7,"column":83},"end":{"line":9,"column":1}}}},"branchMap":{},"s":{"0":4,"1":4,"2":3,"3":3,"4":4,"5":4,"6":1,"7":4},"f":{"0":3,"1":1},"b":{}}
,"C:\\Users\\jesde\\OneDrive\\Documentos\\proyecto-si8811b-2024-ii-u1-backend-nodejs\\src\\utils\\jwt.ts": {"path":"C:\\Users\\jesde\\OneDrive\\Documentos\\proyecto-si8811b-2024-ii-u1-backend-nodejs\\src\\utils\\jwt.ts","statementMap":{"0":{"start":{"line":1,"column":0},"end":{"line":1,"column":30}},"1":{"start":{"line":8,"column":27},"end":{"line":14,"column":1}},"2":{"start":{"line":10,"column":18},"end":{"line":12,"column":6}},"3":{"start":{"line":13,"column":4},"end":{"line":13,"column":null}},"4":{"start":{"line":8,"column":13},"end":{"line":8,"column":27}}},"fnMap":{"0":{"name":"(anonymous_1)","decl":{"start":{"line":8,"column":27},"end":{"line":8,"column":28}},"loc":{"start":{"line":8,"column":52},"end":{"line":14,"column":1}}}},"branchMap":{},"s":{"0":4,"1":4,"2":17,"3":17,"4":4},"f":{"0":17},"b":{}}
,"C:\\Users\\jesde\\OneDrive\\Documentos\\proyecto-si8811b-2024-ii-u1-backend-nodejs\\src\\utils\\keyboardHandler.ts": {"path":"C:\\Users\\jesde\\OneDrive\\Documentos\\proyecto-si8811b-2024-ii-u1-backend-nodejs\\src\\utils\\keyboardHandler.ts","statementMap":{"0":{"start":{"line":3,"column":48},"end":{"line":28,"column":1}},"1":{"start":{"line":4,"column":4},"end":{"line":27,"column":5}},"2":{"start":{"line":5,"column":8},"end":{"line":5,"column":52}},"3":{"start":{"line":8,"column":26},"end":{"line":20,"column":18}},"4":{"start":{"line":10,"column":28},"end":{"line":10,"column":93}},"5":{"start":{"line":11,"column":26},"end":{"line":11,"column":72}},"6":{"start":{"line":11,"column":44},"end":{"line":11,"column":71}},"7":{"start":{"line":14,"column":12},"end":{"line":19,"column":13}},"8":{"start":{"line":15,"column":17},"end":{"line":15,"column":47}},"9":{"start":{"line":16,"column":16},"end":{"line":16,"column":75}},"10":{"start":{"line":18,"column":16},"end":{"line":18,"column":70}},"11":{"start":{"line":23,"column":8},"end":{"line":23,"column":31}},"12":{"start":{"line":26,"column":8},"end":{"line":26,"column":64}},"13":{"start":{"line":26,"column":37},"end":{"line":26,"column":62}},"14":{"start":{"line":3,"column":13},"end":{"line":3,"column":48}}},"fnMap":{"0":{"name":"(anonymous_0)","decl":{"start":{"line":3,"column":48},"end":{"line":3,"column":53}},"loc":{"start":{"line":3,"column":99},"end":{"line":28,"column":1}}},"1":{"name":"(anonymous_1)","decl":{"start":{"line":8,"column":46},"end":{"line":8,"column":47}},"loc":{"start":{"line":8,"column":52},"end":{"line":20,"column":9}}},"2":{"name":"(anonymous_2)","decl":{"start":{"line":11,"column":39},"end":{"line":11,"column":40}},"loc":{"start":{"line":11,"column":44},"end":{"line":11,"column":71}}},"3":{"name":"(anonymous_3)","decl":{"start":{"line":26,"column":26},"end":{"line":26,"column":33}},"loc":{"start":{"line":26,"column":37},"end":{"line":26,"column":62}}}},"branchMap":{"0":{"loc":{"start":{"line":14,"column":12},"end":{"line":19,"column":13}},"type":"if","locations":[{"start":{"line":14,"column":12},"end":{"line":19,"column":13}},{"start":{"line":17,"column":19},"end":{"line":19,"column":13}}]}},"s":{"0":3,"1":0,"2":0,"3":0,"4":0,"5":0,"6":0,"7":0,"8":0,"9":0,"10":0,"11":0,"12":0,"13":0,"14":3},"f":{"0":0,"1":0,"2":0,"3":0},"b":{"0":[0,0]}}
,"C:\\Users\\jesde\\OneDrive\\Documentos\\proyecto-si8811b-2024-ii-u1-backend-nodejs\\src\\utils\\token.ts": {"path":"C:\\Users\\jesde\\OneDrive\\Documentos\\proyecto-si8811b-2024-ii-u1-backend-nodejs\\src\\utils\\token.ts","statementMap":{"0":{"start":{"line":1,"column":29},"end":{"line":1,"column":89}},"1":{"start":{"line":1,"column":35},"end":{"line":1,"column":89}},"2":{"start":{"line":1,"column":13},"end":{"line":1,"column":29}}},"fnMap":{"0":{"name":"(anonymous_0)","decl":{"start":{"line":1,"column":29},"end":{"line":1,"column":32}},"loc":{"start":{"line":1,"column":35},"end":{"line":1,"column":89}}}},"branchMap":{},"s":{"0":4,"1":3,"2":4},"f":{"0":3},"b":{}}
}
