TN:
SF:src\server.ts
FN:35,(anonymous_1)
FNF:1
FNH:1
FNDA:22,(anonymous_1)
DA:1,3
DA:2,3
DA:3,3
DA:4,3
DA:5,3
DA:6,3
DA:7,3
DA:8,3
DA:9,3
DA:10,3
DA:11,3
DA:12,3
DA:13,3
DA:14,3
DA:15,3
DA:16,3
DA:18,3
DA:19,3
DA:21,3
DA:23,3
DA:25,3
DA:26,3
DA:27,0
DA:31,3
DA:32,3
DA:35,3
DA:36,22
DA:37,22
DA:40,3
DA:42,3
DA:44,3
DA:46,3
DA:48,3
DA:50,3
DA:54,3
LF:35
LH:34
BRDA:26,0,0,0
BRF:1
BRH:0
end_of_record
TN:
SF:src\swaggerOptions.ts
FNF:0
FNH:0
DA:3,3
DA:34,3
LF:2
LH:2
BRF:0
BRH:0
end_of_record
TN:
SF:src\config\cors.ts
FN:5,(anonymous_1)
FNF:1
FNH:1
FNDA:22,(anonymous_1)
DA:2,3
DA:4,3
DA:7,22
DA:15,22
DA:16,22
DA:19,0
DA:20,0
DA:22,0
DA:23,0
LF:9
LH:5
BRDA:15,0,0,22
BRDA:19,1,0,0
BRDA:19,1,1,0
BRF:3
BRH:1
end_of_record
TN:
SF:src\config\db.ts
FN:5,(anonymous_1)
FNF:1
FNH:0
FNDA:0,(anonymous_1)
DA:1,0
DA:2,0
DA:3,0
DA:5,0
DA:6,0
DA:7,0
DA:8,0
DA:9,0
DA:11,0
DA:12,0
LF:10
LH:0
BRF:0
BRH:0
end_of_record
TN:
SF:src\config\multer.ts
FN:6,(anonymous_1)
FN:9,(anonymous_2)
FN:16,(anonymous_3)
FNF:3
FNH:3
FNDA:1,(anonymous_1)
FNDA:1,(anonymous_2)
FNDA:1,(anonymous_3)
DA:1,3
DA:2,3
DA:5,3
DA:7,1
DA:10,1
DA:11,1
DA:16,3
DA:17,1
DA:18,1
DA:19,1
DA:21,0
DA:26,3
LF:12
LH:11
BRDA:18,0,0,1
BRDA:18,0,1,0
BRF:2
BRH:1
end_of_record
TN:
SF:src\config\nodemailer.ts
FN:6,(anonymous_1)
FNF:1
FNH:1
FNDA:7,(anonymous_1)
DA:1,7
DA:2,7
DA:4,7
DA:6,7
DA:7,7
DA:17,7
LF:6
LH:6
BRF:0
BRH:0
end_of_record
TN:
SF:src\config\puppeteerConfig.ts
FNF:0
FNH:0
DA:1,3
LF:1
LH:1
BRF:0
BRH:0
end_of_record
TN:
SF:src\controllers\AttendanceController.ts
FN:5,(anonymous_1)
FNF:1
FNH:0
FNDA:0,(anonymous_1)
DA:2,3
DA:5,3
DA:6,0
DA:7,0
DA:8,0
DA:10,0
DA:11,0
DA:14,0
DA:19,0
DA:20,0
DA:25,3
LF:11
LH:3
BRDA:10,0,0,0
BRF:1
BRH:0
end_of_record
TN:
SF:src\controllers\AuthController.ts
FN:12,(anonymous_1)
FN:53,(anonymous_2)
FN:79,(anonymous_3)
FN:128,(anonymous_4)
FN:168,(anonymous_5)
FN:201,(anonymous_6)
FN:222,(anonymous_7)
FN:249,(anonymous_8)
FNF:8
FNH:7
FNDA:3,(anonymous_1)
FNDA:3,(anonymous_2)
FNDA:5,(anonymous_3)
FNDA:4,(anonymous_4)
FNDA:3,(anonymous_5)
FNDA:3,(anonymous_6)
FNDA:3,(anonymous_7)
FNDA:0,(anonymous_8)
DA:2,4
DA:3,4
DA:4,4
DA:5,4
DA:6,4
DA:7,4
DA:8,4
DA:10,4
DA:12,4
DA:13,3
DA:14,3
DA:16,3
DA:19,3
DA:20,3
DA:21,1
DA:22,1
DA:23,1
DA:27,2
DA:28,2
DA:31,2
DA:32,2
DA:33,2
DA:34,2
DA:37,2
DA:43,2
DA:45,2
DA:46,2
DA:48,0
DA:49,0
DA:53,4
DA:54,3
DA:55,3
DA:57,3
DA:59,3
DA:60,3
DA:61,1
DA:62,1
DA:63,1
DA:66,2
DA:67,2
DA:69,2
DA:71,2
DA:72,2
DA:74,0
DA:75,0
DA:79,4
DA:80,5
DA:81,5
DA:83,5
DA:85,5
DA:86,5
DA:87,1
DA:88,1
DA:89,1
DA:92,4
DA:93,1
DA:94,1
DA:95,1
DA:96,1
DA:98,1
DA:104,1
DA:105,1
DA:106,1
DA:110,3
DA:111,3
DA:112,1
DA:113,1
DA:114,1
DA:117,2
DA:119,2
DA:120,2
DA:123,0
DA:124,0
DA:128,4
DA:129,4
DA:130,4
DA:132,4
DA:134,4
DA:135,4
DA:136,1
DA:137,1
DA:138,1
DA:141,3
DA:142,1
DA:143,1
DA:144,1
DA:147,2
DA:148,2
DA:149,2
DA:150,2
DA:152,2
DA:158,2
DA:160,2
DA:161,2
DA:163,0
DA:164,0
DA:168,4
DA:169,3
DA:170,3
DA:172,3
DA:174,3
DA:175,3
DA:176,1
DA:177,1
DA:178,1
DA:181,2
DA:182,2
DA:183,2
DA:184,2
DA:185,2
DA:187,2
DA:193,2
DA:194,2
DA:196,0
DA:197,0
DA:201,4
DA:202,3
DA:203,3
DA:205,3
DA:207,3
DA:208,3
DA:209,1
DA:210,1
DA:211,1
DA:214,2
DA:215,2
DA:217,0
DA:218,0
DA:222,4
DA:223,3
DA:224,3
DA:225,3
DA:227,3
DA:229,3
DA:230,3
DA:231,1
DA:232,1
DA:233,1
DA:236,2
DA:237,2
DA:239,2
DA:241,2
DA:242,2
DA:244,0
DA:245,0
DA:249,4
DA:250,0
DA:254,4
LF:148
LH:133
BRDA:20,0,0,1
BRDA:60,1,0,1
BRDA:86,2,0,1
BRDA:92,3,0,1
BRDA:111,4,0,1
BRDA:135,5,0,1
BRDA:141,6,0,1
BRDA:175,7,0,1
BRDA:208,8,0,1
BRDA:230,9,0,1
BRF:10
BRH:10
end_of_record
TN:
SF:src\controllers\JustificationController.ts
FN:7,(anonymous_1)
FN:52,(anonymous_2)
FN:70,(anonymous_3)
FNF:3
FNH:3
FNDA:4,(anonymous_1)
FNDA:5,(anonymous_2)
FNDA:4,(anonymous_3)
DA:2,4
DA:3,4
DA:4,4
DA:6,4
DA:7,4
DA:8,4
DA:9,4
DA:10,4
DA:14,4
DA:15,2
DA:19,4
DA:28,4
DA:31,3
DA:41,3
DA:43,3
DA:47,1
DA:48,1
DA:52,4
DA:53,5
DA:54,5
DA:55,5
DA:56,5
DA:59,5
DA:64,4
DA:66,4
DA:70,4
DA:81,1
DA:82,1
LF:28
LH:28
BRDA:14,0,0,2
BRDA:55,1,0,5
BRDA:55,1,1,0
BRDA:56,2,0,5
BRDA:56,2,1,0
BRF:5
BRH:3
end_of_record
TN:
SF:src\controllers\ScheduleController.ts
FN:5,(anonymous_1)
FNF:1
FNH:0
FNDA:0,(anonymous_1)
DA:2,3
DA:5,3
DA:6,0
DA:7,0
DA:8,0
DA:10,0
DA:11,0
DA:14,0
DA:19,0
DA:20,0
DA:25,3
LF:11
LH:3
BRDA:10,0,0,0
BRF:1
BRH:0
end_of_record
TN:
SF:src\controllers\SyncController.ts
FN:9,(anonymous_1)
FN:37,(anonymous_2)
FN:47,(anonymous_3)
FN:50,(anonymous_4)
FN:88,(anonymous_5)
FNF:5
FNH:5
FNDA:2,(anonymous_1)
FNDA:2,(anonymous_2)
FNDA:1,(anonymous_3)
FNDA:1,(anonymous_4)
FNDA:2,(anonymous_5)
DA:2,3
DA:3,3
DA:4,3
DA:5,3
DA:7,3
DA:9,3
DA:10,2
DA:12,2
DA:13,2
DA:15,2
DA:17,2
DA:18,1
DA:19,1
DA:21,1
DA:22,1
DA:28,1
DA:29,1
DA:32,0
DA:33,0
DA:37,3
DA:38,2
DA:39,2
DA:41,2
DA:42,2
DA:43,2
DA:45,2
DA:47,1
DA:50,1
DA:57,1
DA:64,1
DA:66,1
DA:67,1
DA:68,1
DA:75,0
DA:76,0
DA:79,1
DA:80,1
DA:83,0
DA:84,0
DA:88,3
DA:89,2
DA:90,2
DA:91,2
DA:93,2
DA:95,2
DA:97,2
DA:98,1
DA:99,1
DA:102,1
DA:109,1
DA:111,1
DA:112,1
DA:113,1
DA:120,0
DA:121,0
DA:124,0
DA:125,0
DA:131,3
LF:58
LH:48
BRDA:17,0,0,1
BRDA:17,0,1,1
BRDA:45,1,0,1
BRDA:45,1,1,1
BRDA:45,2,0,2
BRDA:45,2,1,1
BRDA:52,3,0,1
BRDA:52,3,1,0
BRDA:66,4,0,1
BRDA:66,4,1,0
BRDA:97,5,0,1
BRDA:97,6,0,2
BRDA:97,6,1,1
BRDA:111,7,0,1
BRDA:111,7,1,0
BRF:15
BRH:12
end_of_record
TN:
SF:src\emails\AuthEmail.ts
FN:10,(anonymous_0)
FN:28,(anonymous_1)
FNF:2
FNH:0
FNDA:0,(anonymous_0)
FNDA:0,(anonymous_1)
DA:1,4
DA:9,4
DA:10,4
DA:11,0
DA:25,0
DA:28,4
DA:29,0
DA:42,0
LF:8
LH:4
BRF:0
BRH:0
end_of_record
TN:
SF:src\emails\JustificationEmail.ts
FN:14,(anonymous_0)
FNF:1
FNH:0
FNDA:0,(anonymous_0)
DA:1,4
DA:13,4
DA:14,4
DA:15,0
DA:16,0
DA:31,0
DA:33,0
DA:34,0
LF:8
LH:3
BRDA:25,0,0,0
BRDA:25,0,1,0
BRDA:26,1,0,0
BRDA:26,1,1,0
BRF:4
BRH:0
end_of_record
TN:
SF:src\logs\logger.ts
FN:6,(anonymous_1)
FNF:1
FNH:0
FNDA:0,(anonymous_1)
DA:1,3
DA:3,3
DA:6,3
DA:7,0
DA:11,3
DA:23,3
LF:6
LH:5
BRF:0
BRH:0
end_of_record
TN:
SF:src\middleware\auth.ts
FN:13,(anonymous_1)
FNF:1
FNH:1
FNDA:15,(anonymous_1)
DA:2,3
DA:3,3
DA:13,3
DA:14,15
DA:15,15
DA:16,3
DA:17,3
DA:20,12
DA:22,12
DA:23,12
DA:25,12
DA:26,12
DA:27,12
DA:28,12
DA:29,12
DA:31,0
DA:36,0
LF:17
LH:15
BRDA:15,0,0,3
BRDA:25,1,0,12
BRDA:25,2,0,12
BRDA:25,2,1,12
BRDA:27,3,0,12
BRDA:27,3,1,0
BRF:6
BRH:5
end_of_record
TN:
SF:src\middleware\validation.ts
FN:4,(anonymous_0)
FNF:1
FNH:1
FNDA:17,(anonymous_0)
DA:2,3
DA:4,3
DA:5,17
DA:6,17
DA:7,1
DA:9,16
LF:6
LH:6
BRDA:6,0,0,1
BRF:1
BRH:1
end_of_record
TN:
SF:src\models\Attendace.ts
FNF:0
FNH:0
DA:1,3
DA:21,3
DA:61,3
DA:62,3
LF:4
LH:4
BRF:0
BRH:0
end_of_record
TN:
SF:src\models\Justification.ts
FNF:0
FNH:0
DA:1,3
DA:15,3
DA:37,3
DA:39,3
LF:4
LH:4
BRF:0
BRH:0
end_of_record
TN:
SF:src\models\Schedule.ts
FNF:0
FNH:0
DA:1,3
DA:21,3
DA:31,3
DA:38,3
DA:45,3
DA:47,3
LF:6
LH:6
BRF:0
BRH:0
end_of_record
TN:
SF:src\models\Token.ts
FNF:0
FNH:0
DA:1,4
DA:9,4
DA:25,4
DA:26,4
LF:4
LH:4
BRF:0
BRH:0
end_of_record
TN:
SF:src\models\User.ts
FNF:0
FNH:0
DA:1,4
DA:10,4
DA:31,4
DA:32,4
LF:4
LH:4
BRF:0
BRH:0
end_of_record
TN:
SF:src\routes\attendanceRoutes.ts
FNF:0
FNH:0
DA:1,3
DA:2,3
DA:3,3
DA:5,3
DA:54,3
DA:56,3
LF:6
LH:6
BRF:0
BRH:0
end_of_record
TN:
SF:src\routes\authRoutes.ts
FN:44,(anonymous_0)
FN:235,(anonymous_1)
FNF:2
FNH:2
FNDA:1,(anonymous_0)
FNDA:1,(anonymous_1)
DA:1,3
DA:2,3
DA:3,3
DA:4,3
DA:5,3
DA:7,3
DA:39,3
DA:45,1
DA:46,0
DA:48,1
DA:77,3
DA:107,3
DA:138,3
DA:166,3
DA:194,3
DA:230,3
DA:236,1
DA:237,0
DA:239,1
DA:270,3
DA:275,3
LF:21
LH:19
BRDA:45,0,0,0
BRDA:236,1,0,0
BRF:2
BRH:0
end_of_record
TN:
SF:src\routes\justificationRoutes.ts
FN:48,(anonymous_0)
FNF:1
FNH:1
FNDA:3,(anonymous_0)
DA:1,3
DA:2,3
DA:3,3
DA:4,3
DA:5,3
DA:6,3
DA:8,3
DA:44,3
DA:49,3
DA:50,3
DA:51,3
DA:113,3
DA:119,3
LF:13
LH:13
BRF:0
BRH:0
end_of_record
TN:
SF:src\routes\scheduleRoutes.ts
FNF:0
FNH:0
DA:1,3
DA:2,3
DA:3,3
DA:5,3
DA:57,3
DA:59,3
LF:6
LH:6
BRF:0
BRH:0
end_of_record
TN:
SF:src\routes\syncRoutes.ts
FNF:0
FNH:0
DA:1,3
DA:2,3
DA:3,3
DA:4,3
DA:5,3
DA:7,3
DA:39,3
DA:113,3
DA:192,3
DA:201,3
LF:10
LH:10
BRF:0
BRH:0
end_of_record
TN:
SF:src\services\intranetSync.ts
FN:8,(anonymous_1)
FN:8,(anonymous_2)
FN:10,(anonymous_3)
FN:24,(anonymous_4)
FN:25,(anonymous_5)
FN:27,(anonymous_6)
FN:28,(anonymous_7)
FN:42,(anonymous_8)
FN:50,(anonymous_9)
FN:65,(anonymous_10)
FN:77,(anonymous_11)
FN:90,(anonymous_12)
FN:107,(anonymous_13)
FN:145,(anonymous_14)
FN:165,(anonymous_15)
FN:170,(anonymous_16)
FN:212,(anonymous_17)
FN:232,(anonymous_18)
FN:237,(anonymous_19)
FN:257,(anonymous_20)
FN:258,(anonymous_21)
FN:259,(anonymous_22)
FN:261,(anonymous_23)
FN:265,(anonymous_24)
FNF:24
FNH:0
FNDA:0,(anonymous_1)
FNDA:0,(anonymous_2)
FNDA:0,(anonymous_3)
FNDA:0,(anonymous_4)
FNDA:0,(anonymous_5)
FNDA:0,(anonymous_6)
FNDA:0,(anonymous_7)
FNDA:0,(anonymous_8)
FNDA:0,(anonymous_9)
FNDA:0,(anonymous_10)
FNDA:0,(anonymous_11)
FNDA:0,(anonymous_12)
FNDA:0,(anonymous_13)
FNDA:0,(anonymous_14)
FNDA:0,(anonymous_15)
FNDA:0,(anonymous_16)
FNDA:0,(anonymous_17)
FNDA:0,(anonymous_18)
FNDA:0,(anonymous_19)
FNDA:0,(anonymous_20)
FNDA:0,(anonymous_21)
FNDA:0,(anonymous_22)
FNDA:0,(anonymous_23)
FNDA:0,(anonymous_24)
DA:1,3
DA:2,3
DA:3,3
DA:4,3
DA:5,3
DA:6,3
DA:8,3
DA:10,3
DA:11,0
DA:16,0
DA:18,0
DA:19,0
DA:20,0
DA:23,0
DA:24,0
DA:25,0
DA:27,0
DA:28,0
DA:29,0
DA:33,0
DA:34,0
DA:37,0
DA:38,0
DA:39,0
DA:40,0
DA:42,0
DA:43,0
DA:44,0
DA:45,0
DA:47,0
DA:48,0
DA:50,0
DA:53,0
DA:54,0
DA:57,0
DA:58,0
DA:61,0
DA:62,0
DA:65,0
DA:66,0
DA:67,0
DA:68,0
DA:70,0
DA:74,0
DA:77,0
DA:78,0
DA:79,0
DA:80,0
DA:81,0
DA:82,0
DA:85,0
DA:86,0
DA:90,0
DA:91,0
DA:92,0
DA:93,0
DA:95,0
DA:100,0
DA:101,0
DA:104,0
DA:105,0
DA:106,0
DA:107,0
DA:108,0
DA:112,0
DA:113,0
DA:116,0
DA:117,0
DA:119,0
DA:120,0
DA:121,0
DA:122,0
DA:125,0
DA:126,0
DA:128,0
DA:129,0
DA:132,0
DA:133,0
DA:136,0
DA:139,0
DA:140,0
DA:141,0
DA:145,3
DA:146,0
DA:147,0
DA:149,0
DA:151,0
DA:152,0
DA:153,0
DA:154,0
DA:155,0
DA:157,0
DA:158,0
DA:161,0
DA:162,0
DA:165,0
DA:166,0
DA:167,0
DA:169,0
DA:170,0
DA:171,0
DA:172,0
DA:174,0
DA:181,0
DA:182,0
DA:183,0
DA:184,0
DA:185,0
DA:189,0
DA:193,0
DA:194,0
DA:196,0
DA:199,0
DA:201,0
DA:202,0
DA:204,0
DA:206,0
DA:212,3
DA:213,0
DA:214,0
DA:216,0
DA:218,0
DA:219,0
DA:220,0
DA:221,0
DA:222,0
DA:224,0
DA:225,0
DA:228,0
DA:229,0
DA:232,0
DA:233,0
DA:234,0
DA:236,0
DA:237,0
DA:238,0
DA:241,0
DA:242,0
DA:243,0
DA:246,0
DA:247,0
DA:248,0
DA:251,0
DA:252,0
DA:253,0
DA:254,0
DA:257,0
DA:258,0
DA:259,0
DA:261,0
DA:265,0
DA:267,0
DA:274,0
DA:275,0
DA:277,0
DA:280,0
DA:282,0
DA:283,0
DA:285,0
DA:287,0
LF:160
LH:10
BRDA:19,0,0,0
BRDA:29,1,0,0
BRDA:29,1,1,0
BRDA:45,2,0,0
BRDA:67,3,0,0
BRDA:67,3,1,0
BRDA:82,4,0,0
BRDA:82,4,1,0
BRDA:82,4,2,0
BRDA:85,5,0,0
BRDA:92,6,0,0
BRDA:92,6,1,0
BRDA:105,7,0,0
BRDA:119,8,0,0
BRDA:126,9,0,0
BRDA:126,9,1,0
BRDA:128,10,0,0
BRDA:147,11,0,0
BRDA:157,12,0,0
BRDA:167,13,0,0
BRDA:172,14,0,0
BRDA:175,15,0,0
BRDA:175,15,1,0
BRDA:176,16,0,0
BRDA:176,16,1,0
BRDA:177,17,0,0
BRDA:177,17,1,0
BRDA:184,18,0,0
BRDA:201,19,0,0
BRDA:214,20,0,0
BRDA:224,21,0,0
BRDA:234,22,0,0
BRDA:238,23,0,0
BRDA:238,23,1,0
BRDA:242,24,0,0
BRDA:242,24,1,0
BRDA:246,25,0,0
BRDA:246,26,0,0
BRDA:246,26,1,0
BRDA:252,27,0,0
BRDA:263,28,0,0
BRDA:263,28,1,0
BRDA:264,29,0,0
BRDA:264,29,1,0
BRDA:265,30,0,0
BRDA:265,30,1,0
BRDA:265,30,2,0
BRDA:282,31,0,0
BRF:48
BRH:0
end_of_record
TN:
SF:src\utils\auth.ts
FN:3,(anonymous_1)
FN:7,(anonymous_2)
FNF:2
FNH:2
FNDA:3,(anonymous_1)
FNDA:1,(anonymous_2)
DA:1,4
DA:3,4
DA:4,3
DA:5,3
DA:7,4
DA:8,1
LF:6
LH:6
BRF:0
BRH:0
end_of_record
TN:
SF:src\utils\jwt.ts
FN:8,(anonymous_1)
FNF:1
FNH:1
FNDA:17,(anonymous_1)
DA:1,4
DA:8,4
DA:10,17
DA:13,17
LF:4
LH:4
BRF:0
BRH:0
end_of_record
TN:
SF:src\utils\keyboardHandler.ts
FN:3,(anonymous_0)
FN:8,(anonymous_1)
FN:11,(anonymous_2)
FN:26,(anonymous_3)
FNF:4
FNH:0
FNDA:0,(anonymous_0)
FNDA:0,(anonymous_1)
FNDA:0,(anonymous_2)
FNDA:0,(anonymous_3)
DA:3,3
DA:4,0
DA:5,0
DA:8,0
DA:10,0
DA:11,0
DA:14,0
DA:15,0
DA:16,0
DA:18,0
DA:23,0
DA:26,0
LF:12
LH:1
BRDA:14,0,0,0
BRDA:14,0,1,0
BRF:2
BRH:0
end_of_record
TN:
SF:src\utils\token.ts
FN:1,(anonymous_0)
FNF:1
FNH:1
FNDA:3,(anonymous_0)
DA:1,4
LF:1
LH:1
BRF:0
BRH:0
end_of_record
